Log file open, 07/29/24 16:36:42
LogWindows: Failed to load 'aqProf.dll' (GetLastError=126)
LogWindows: File 'aqProf.dll' does not exist
LogWindows: Failed to load 'VtuneApi.dll' (GetLastError=126)
LogWindows: File 'VtuneApi.dll' does not exist
LogWindows: Failed to load 'VtuneApi32e.dll' (GetLastError=126)
LogWindows: File 'VtuneApi32e.dll' does not exist
LogConsoleResponse: Display: Failed to find resolution value strings in scalability ini. Falling back to default.
LogConsoleResponse: Display: Failed to find resolution value strings in scalability ini. Falling back to default.
LogInit: Display: Running engine for game: GameJam
LogPlatformFile: Not using cached read wrapper
LogTaskGraph: Started task graph with 5 named threads and 35 total threads with 3 sets of task threads.
LogStats: Stats thread started at 0.652058
LogICUInternationalization: ICU TimeZone Detection - Raw Offset: +5:30, Platform Override: ''
LogInit: Display: Loading text-based GConfig....
LogPluginManager: Mounting plugin MeshPainting
LogPluginManager: Mounting plugin XGEController
LogPluginManager: Mounting plugin AISupport
LogPluginManager: Mounting plugin Paper2D
LogPluginManager: Mounting plugin LiveLink
LogPluginManager: Mounting plugin LightPropagationVolume
LogPluginManager: Mounting plugin EnvironmentQueryEditor
LogPluginManager: Mounting plugin CameraShakePreviewer
LogPluginManager: Mounting plugin OodleData
LogPluginManager: Mounting plugin GameplayCameras
LogPluginManager: Mounting plugin OodleNetwork
LogPluginManager: Mounting plugin AnimationSharing
LogPluginManager: Mounting plugin Niagara
LogPluginManager: Mounting plugin CLionSourceCodeAccess
LogPluginManager: Mounting plugin KDevelopSourceCodeAccess
LogPluginManager: Mounting plugin GitSourceControl
LogPluginManager: Mounting plugin CodeLiteSourceCodeAccess
LogPluginManager: Mounting plugin PlasticSourceControl
LogPluginManager: Mounting plugin PerforceSourceControl
LogPluginManager: Mounting plugin NullSourceCodeAccess
LogPluginManager: Mounting plugin PluginUtils
LogPluginManager: Mounting plugin PixWinPlugin
LogPluginManager: Mounting plugin PropertyAccessNode
LogPluginManager: Mounting plugin RiderSourceCodeAccess
LogPluginManager: Mounting plugin AssetManagerEditor
LogPluginManager: Mounting plugin SubversionSourceControl
LogPluginManager: Mounting plugin TextureFormatOodle
LogPluginManager: Mounting plugin UObjectPlugin
LogPluginManager: Mounting plugin VisualStudioSourceCodeAccess
LogPluginManager: Mounting plugin VisualStudioCodeSourceCodeAccess
LogPluginManager: Mounting plugin XCodeSourceCodeAccess
LogPluginManager: Mounting plugin FacialAnimation
LogPluginManager: Mounting plugin DataValidation
LogPluginManager: Mounting plugin CurveEditorTools
LogPluginManager: Mounting plugin CryptoKeys
LogPluginManager: Mounting plugin GameplayTagsEditor
LogPluginManager: Mounting plugin GeometryMode
LogPluginManager: Mounting plugin MacGraphicsSwitching
LogPluginManager: Mounting plugin MaterialAnalyzer
LogPluginManager: Mounting plugin MobileLauncherProfileWizard
LogPluginManager: Mounting plugin SpeedTreeImporter
LogPluginManager: Mounting plugin DatasmithContent
LogPluginManager: Mounting plugin PluginBrowser
LogPluginManager: Mounting plugin VariantManagerContent
LogPluginManager: Mounting plugin LuminPlatformFeatures
LogPluginManager: Mounting plugin MagicLeapMedia
LogPluginManager: Mounting plugin MagicLeapLightEstimation
LogPluginManager: Mounting plugin MagicLeap
LogPluginManager: Mounting plugin MLSDK
LogPluginManager: Mounting plugin AndroidMedia
LogPluginManager: Mounting plugin AvfMedia
LogPluginManager: Mounting plugin ImgMedia
LogPluginManager: Mounting plugin MagicLeapPassableWorld
LogPluginManager: Mounting plugin MediaCompositing
LogPluginManager: Mounting plugin MediaPlayerEditor
LogPluginManager: Mounting plugin WebMMedia
LogPluginManager: Mounting plugin WmfMedia
LogPluginManager: Mounting plugin TcpMessaging
LogPluginManager: Mounting plugin UdpMessaging
LogPluginManager: Mounting plugin AlembicImporter
LogPluginManager: Mounting plugin AutomationUtils
LogPluginManager: Mounting plugin BackChannel
LogPluginManager: Mounting plugin ChaosCloth
LogPluginManager: Mounting plugin ChaosClothEditor
LogPluginManager: Mounting plugin ChaosSolverPlugin
LogPluginManager: Mounting plugin ChaosEditor
LogPluginManager: Mounting plugin CharacterAI
LogPluginManager: Mounting plugin ChaosNiagara
LogPluginManager: Mounting plugin ActorSequence
LogPluginManager: Mounting plugin GeometryCache
LogPluginManager: Mounting plugin GeometryCollectionPlugin
LogPluginManager: Mounting plugin GeometryProcessing
LogPluginManager: Mounting plugin LevelSequenceEditor
LogPluginManager: Mounting plugin MatineeToLevelSequence
LogPluginManager: Mounting plugin TemplateSequence
LogPluginManager: Mounting plugin OpenImageDenoise
LogPluginManager: Mounting plugin PlanarCut
LogPluginManager: Mounting plugin MotoSynth
LogPluginManager: Mounting plugin PlatformCrypto
LogPluginManager: Mounting plugin ProxyLODPlugin
LogPluginManager: Mounting plugin PythonScriptPlugin
LogPluginManager: Mounting plugin LauncherChunkInstaller
LogPluginManager: Mounting plugin SkeletalReduction
LogPluginManager: Mounting plugin OnlineSubsystem
LogPluginManager: Mounting plugin OnlineSubsystemNull
LogPluginManager: Mounting plugin OnlineSubsystemUtils
LogPluginManager: Mounting plugin ActorLayerUtilities
LogPluginManager: Mounting plugin AndroidMoviePlayer
LogPluginManager: Mounting plugin AndroidDeviceProfileSelector
LogPluginManager: Mounting plugin AndroidPermission
LogPluginManager: Mounting plugin AppleImageUtils
LogPluginManager: Mounting plugin AppleMoviePlayer
LogPluginManager: Mounting plugin ArchVisCharacter
LogPluginManager: Mounting plugin AssetTags
LogPluginManager: Mounting plugin CableComponent
LogPluginManager: Mounting plugin AudioSynesthesia
LogPluginManager: Mounting plugin AudioCapture
LogPluginManager: Mounting plugin ChunkDownloader
LogPluginManager: Mounting plugin CustomMeshComponent
LogPluginManager: Mounting plugin EditableMesh
LogPluginManager: Mounting plugin ExampleDeviceProfileSelector
LogPluginManager: Mounting plugin GooglePAD
LogPluginManager: Mounting plugin GoogleCloudMessaging
LogPluginManager: Mounting plugin ScreenshotTools
LogPluginManager: Mounting plugin Takes
LogPluginManager: Mounting plugin IOSDeviceProfileSelector
LogPluginManager: Mounting plugin LinuxDeviceProfileSelector
LogPluginManager: Mounting plugin LocationServicesBPLibrary
LogPluginManager: Mounting plugin MobilePatchingUtils
LogPluginManager: Mounting plugin OpenXR
LogPluginManager: Mounting plugin OpenXREyeTracker
LogPluginManager: Mounting plugin OpenXRHandTracking
LogPluginManager: Mounting plugin PostSplashScreen
LogPluginManager: Mounting plugin PhysXVehicles
LogPluginManager: Mounting plugin ProceduralMeshComponent
LogPluginManager: Mounting plugin RuntimePhysXCooking
LogPluginManager: Mounting plugin PropertyAccessEditor
LogPluginManager: Mounting plugin SignificanceManager
LogPluginManager: Mounting plugin SoundFields
LogPluginManager: Mounting plugin WebMMoviePlayer
LogPluginManager: Mounting plugin Synthesis
LogPluginManager: Mounting plugin WindowsMoviePlayer
LogPluginManager: Mounting plugin ContentBrowserAssetDataSource
LogPluginManager: Mounting plugin ContentBrowserClassDataSource
LogPluginManager: Mounting plugin ContentBrowserFileDataSource
LogPluginManager: Mounting plugin OnlineSubsystemGooglePlay
LogPluginManager: Mounting plugin OnlineSubsystemIOS
LogPluginManager: Mounting plugin OculusVR
LogPluginManager: Mounting plugin SteamVR
PixWinPlugin: PIX capture plugin failed to initialize! Check that the process is launched from PIX.
LogInit: Using libcurl 7.55.1-DEV
LogInit:  - built for x86_64-pc-win32
LogInit:  - supports SSL with OpenSSL/1.1.1
LogInit:  - supports HTTP deflate (compression) using libz 1.2.8
LogInit:  - other features:
LogInit:      CURL_VERSION_SSL
LogInit:      CURL_VERSION_LIBZ
LogInit:      CURL_VERSION_IPV6
LogInit:      CURL_VERSION_ASYNCHDNS
LogInit:      CURL_VERSION_LARGEFILE
LogInit:      CURL_VERSION_IDN
LogInit:  CurlRequestOptions (configurable via config and command line):
LogInit:  - bVerifyPeer = true  - Libcurl will verify peer certificate
LogInit:  - bUseHttpProxy = false  - Libcurl will NOT use HTTP proxy
LogInit:  - bDontReuseConnections = false  - Libcurl will reuse connections
LogInit:  - MaxHostConnections = 16  - Libcurl will limit the number of connections to a host
LogInit:  - LocalHostAddr = Default
LogInit:  - BufferSize = 65536
LogOnline: OSS: Creating online subsystem instance for: NULL
LogInit: WinSock: version 1.1 (2.2), MaxSocks=32767, MaxUdp=65467
LogOnline: OSS: TryLoadSubsystemAndSetDefault: Loaded subsystem for module [NULL]
LogOculusPluginWrapper: OculusPlugin initialized successfully
LogHMD: Failed initializing OVRPlugin 1.59.0
LogInit: Build: ++UE4+Release-4.27-CL-18319896
LogInit: Engine Version: 4.27.2-18319896+++UE4+Release-4.27
LogInit: Compatible Engine Version: 4.27.0-17155196+++UE4+Release-4.27
LogInit: Net CL: 17155196
LogInit: OS: Windows 10 (Release 2009) (), CPU: AMD Ryzen 5 5600H with Radeon Graphics         , GPU: AMD Radeon(TM) Graphics
LogInit: Compiled (64-bit): Nov 30 2021 07:12:08
LogInit: Compiled with Visual C++: 19.24.28315.00
LogInit: Build Configuration: Development
LogInit: Branch Name: ++UE4+Release-4.27
LogInit: Command Line: 
LogInit: Base Directory: D:/UE_4.27/Engine/Binaries/Win64/
LogInit: Allocator: TBB
LogInit: Installed Engine Build: 1
LogDevObjectVersion: Number of dev versions registered: 29
LogDevObjectVersion:   Dev-Blueprints (B0D832E4-1F89-4F0D-ACCF-7EB736FD4AA2): 10
LogDevObjectVersion:   Dev-Build (E1C64328-A22C-4D53-A36C-8E866417BD8C): 0
LogDevObjectVersion:   Dev-Core (375EC13C-06E4-48FB-B500-84F0262A717E): 4
LogDevObjectVersion:   Dev-Editor (E4B068ED-F494-42E9-A231-DA0B2E46BB41): 40
LogDevObjectVersion:   Dev-Framework (CFFC743F-43B0-4480-9391-14DF171D2073): 37
LogDevObjectVersion:   Dev-Mobile (B02B49B5-BB20-44E9-A304-32B752E40360): 3
LogDevObjectVersion:   Dev-Networking (A4E4105C-59A1-49B5-A7C5-40C4547EDFEE): 0
LogDevObjectVersion:   Dev-Online (39C831C9-5AE6-47DC-9A44-9C173E1C8E7C): 0
LogDevObjectVersion:   Dev-Physics (78F01B33-EBEA-4F98-B9B4-84EACCB95AA2): 14
LogDevObjectVersion:   Dev-Platform (6631380F-2D4D-43E0-8009-CF276956A95A): 0
LogDevObjectVersion:   Dev-Rendering (12F88B9F-8875-4AFC-A67C-D90C383ABD29): 45
LogDevObjectVersion:   Dev-Sequencer (7B5AE74C-D270-4C10-A958-57980B212A5A): 13
LogDevObjectVersion:   Dev-VR (D7296918-1DD6-4BDD-9DE2-64A83CC13884): 3
LogDevObjectVersion:   Dev-LoadTimes (C2A15278-BFE7-4AFE-6C17-90FF531DF755): 1
LogDevObjectVersion:   Private-Geometry (6EACA3D4-40EC-4CC1-B786-8BED09428FC5): 3
LogDevObjectVersion:   Dev-AnimPhys (29E575DD-E0A3-4627-9D10-D276232CDCEA): 17
LogDevObjectVersion:   Dev-Anim (AF43A65D-7FD3-4947-9873-3E8ED9C1BB05): 15
LogDevObjectVersion:   Dev-ReflectionCapture (6B266CEC-1EC7-4B8F-A30B-E4D90942FC07): 1
LogDevObjectVersion:   Dev-Automation (0DF73D61-A23F-47EA-B727-89E90C41499A): 1
LogDevObjectVersion:   FortniteMain (601D1886-AC64-4F84-AA16-D3DE0DEAC7D6): 47
LogDevObjectVersion:   FortniteRelease (E7086368-6B23-4C58-8439-1B7016265E91): 1
LogDevObjectVersion:   Dev-Enterprise (9DFFBCD6-494F-0158-E221-12823C92A888): 10
LogDevObjectVersion:   Dev-Niagara (F2AED0AC-9AFE-416F-8664-AA7FFA26D6FC): 1
LogDevObjectVersion:   Dev-Destruction (174F1F0B-B4C6-45A5-B13F-2EE8D0FB917D): 10
LogDevObjectVersion:   Dev-Physics-Ext (35F94A83-E258-406C-A318-09F59610247C): 41
LogDevObjectVersion:   Dev-PhysicsMaterial-Chaos (B68FC16E-8B1B-42E2-B453-215C058844FE): 1
LogDevObjectVersion:   Dev-CineCamera (B2E18506-4273-CFC2-A54E-F4BB758BBA07): 1
LogDevObjectVersion:   Dev-VirtualProduction (64F58936-FD1B-42BA-BA96-7289D5D0FA4E): 1
LogDevObjectVersion:   Dev-MediaFramework (6F0ED827-A609-4895-9C91-998D90180EA4): 2
LogInit: Presizing for max 25165824 objects, including 0 objects not considered by GC, pre-allocating 0 bytes for permanent pool.
LogConfig: Applying CVar settings from Section [/Script/Engine.StreamingSettings] File [E:/GameJam/GameJam/Saved/Config/Windows/Engine.ini]
LogConfig: Setting CVar [[s.MinBulkDataSizeForAsyncLoading:131072]]
LogConfig: Setting CVar [[s.AsyncLoadingThreadEnabled:0]]
LogConfig: Setting CVar [[s.EventDrivenLoaderEnabled:1]]
LogConfig: Setting CVar [[s.WarnIfTimeLimitExceeded:0]]
LogConfig: Setting CVar [[s.TimeLimitExceededMultiplier:1.5]]
LogConfig: Setting CVar [[s.TimeLimitExceededMinTime:0.005]]
LogConfig: Setting CVar [[s.UseBackgroundLevelStreaming:1]]
LogConfig: Setting CVar [[s.PriorityAsyncLoadingExtraTime:15.0]]
LogConfig: Setting CVar [[s.LevelStreamingActorsUpdateTimeLimit:5.0]]
LogConfig: Setting CVar [[s.PriorityLevelStreamingActorsUpdateExtraTime:5.0]]
LogConfig: Setting CVar [[s.LevelStreamingComponentsRegistrationGranularity:10]]
LogConfig: Setting CVar [[s.UnregisterComponentsTimeLimit:1.0]]
LogConfig: Setting CVar [[s.LevelStreamingComponentsUnregistrationGranularity:5]]
LogConfig: Setting CVar [[s.FlushStreamingOnExit:1]]
LogInit: Object subsystem initialized
LogConfig: Setting CVar [[con.DebugEarlyDefault:1]]
LogConfig: Setting CVar [[r.setres:1280x720]]
[2024.07.29-11.06.44:920][  0]LogConfig: Setting CVar [[r.VSync:0]]
[2024.07.29-11.06.44:920][  0]LogConfig: Setting CVar [[r.RHICmdBypass:0]]
[2024.07.29-11.06.44:920][  0]LogConfig: Applying CVar settings from Section [/Script/Engine.RendererSettings] File [E:/GameJam/GameJam/Saved/Config/Windows/Engine.ini]
[2024.07.29-11.06.44:920][  0]LogConfig: Setting CVar [[r.GPUCrashDebugging:0]]
[2024.07.29-11.06.44:920][  0]LogConfig: Applying CVar settings from Section [/Script/Engine.RendererOverrideSettings] File [E:/GameJam/GameJam/Saved/Config/Windows/Engine.ini]
[2024.07.29-11.06.44:920][  0]LogConfig: Applying CVar settings from Section [/Script/Engine.StreamingSettings] File [E:/GameJam/GameJam/Saved/Config/Windows/Engine.ini]
[2024.07.29-11.06.44:920][  0]LogConfig: Setting CVar [[s.MinBulkDataSizeForAsyncLoading:131072]]
[2024.07.29-11.06.44:920][  0]LogConfig: Setting CVar [[s.AsyncLoadingThreadEnabled:0]]
[2024.07.29-11.06.44:920][  0]LogConfig: Setting CVar [[s.EventDrivenLoaderEnabled:1]]
[2024.07.29-11.06.44:920][  0]LogConfig: Setting CVar [[s.WarnIfTimeLimitExceeded:0]]
[2024.07.29-11.06.44:920][  0]LogConfig: Setting CVar [[s.TimeLimitExceededMultiplier:1.5]]
[2024.07.29-11.06.44:920][  0]LogConfig: Setting CVar [[s.TimeLimitExceededMinTime:0.005]]
[2024.07.29-11.06.44:920][  0]LogConfig: Setting CVar [[s.UseBackgroundLevelStreaming:1]]
[2024.07.29-11.06.44:920][  0]LogConfig: Setting CVar [[s.PriorityAsyncLoadingExtraTime:15.0]]
[2024.07.29-11.06.44:920][  0]LogConfig: Setting CVar [[s.LevelStreamingActorsUpdateTimeLimit:5.0]]
[2024.07.29-11.06.44:920][  0]LogConfig: Setting CVar [[s.PriorityLevelStreamingActorsUpdateExtraTime:5.0]]
[2024.07.29-11.06.44:920][  0]LogConfig: Setting CVar [[s.LevelStreamingComponentsRegistrationGranularity:10]]
[2024.07.29-11.06.44:920][  0]LogConfig: Setting CVar [[s.UnregisterComponentsTimeLimit:1.0]]
[2024.07.29-11.06.44:920][  0]LogConfig: Setting CVar [[s.LevelStreamingComponentsUnregistrationGranularity:5]]
[2024.07.29-11.06.44:920][  0]LogConfig: Setting CVar [[s.FlushStreamingOnExit:1]]
[2024.07.29-11.06.44:920][  0]LogConfig: Applying CVar settings from Section [/Script/Engine.GarbageCollectionSettings] File [E:/GameJam/GameJam/Saved/Config/Windows/Engine.ini]
[2024.07.29-11.06.44:920][  0]LogConfig: Setting CVar [[gc.MaxObjectsNotConsideredByGC:1]]
[2024.07.29-11.06.44:920][  0]LogConfig: Setting CVar [[gc.SizeOfPermanentObjectPool:0]]
[2024.07.29-11.06.44:920][  0]LogConfig: Setting CVar [[gc.FlushStreamingOnGC:0]]
[2024.07.29-11.06.44:920][  0]LogConfig: Setting CVar [[gc.NumRetriesBeforeForcingGC:10]]
[2024.07.29-11.06.44:920][  0]LogConfig: Setting CVar [[gc.AllowParallelGC:1]]
[2024.07.29-11.06.44:920][  0]LogConfig: Setting CVar [[gc.TimeBetweenPurgingPendingKillObjects:61.1]]
[2024.07.29-11.06.44:920][  0]LogConfig: Setting CVar [[gc.MaxObjectsInEditor:25165824]]
[2024.07.29-11.06.44:920][  0]LogConfig: Setting CVar [[gc.IncrementalBeginDestroyEnabled:1]]
[2024.07.29-11.06.44:920][  0]LogConfig: Setting CVar [[gc.CreateGCClusters:1]]
[2024.07.29-11.06.44:920][  0]LogConfig: Setting CVar [[gc.MinGCClusterSize:5]]
[2024.07.29-11.06.44:920][  0]LogConfig: Setting CVar [[gc.ActorClusteringEnabled:0]]
[2024.07.29-11.06.44:920][  0]LogConfig: Setting CVar [[gc.BlueprintClusteringEnabled:0]]
[2024.07.29-11.06.44:920][  0]LogConfig: Setting CVar [[gc.UseDisregardForGCOnDedicatedServers:0]]
[2024.07.29-11.06.44:920][  0]LogConfig: Setting CVar [[gc.MultithreadedDestructionEnabled:1]]
[2024.07.29-11.06.44:920][  0]LogConfig: Applying CVar settings from Section [/Script/Engine.NetworkSettings] File [E:/GameJam/GameJam/Saved/Config/Windows/Engine.ini]
[2024.07.29-11.06.44:920][  0]LogConfig: Applying CVar settings from Section [/Script/UnrealEd.CookerSettings] File [E:/GameJam/GameJam/Saved/Config/Windows/Engine.ini]
[2024.07.29-11.06.44:925][  0]LogConfig: Applying CVar settings from Section [ViewDistanceQuality@3] File [E:/GameJam/GameJam/Saved/Config/Windows/Scalability.ini]
[2024.07.29-11.06.44:925][  0]LogConfig: Setting CVar [[r.SkeletalMeshLODBias:0]]
[2024.07.29-11.06.44:925][  0]LogConfig: Setting CVar [[r.ViewDistanceScale:1.0]]
[2024.07.29-11.06.44:925][  0]LogConfig: Applying CVar settings from Section [AntiAliasingQuality@3] File [E:/GameJam/GameJam/Saved/Config/Windows/Scalability.ini]
[2024.07.29-11.06.44:925][  0]LogConfig: Setting CVar [[r.PostProcessAAQuality:4]]
[2024.07.29-11.06.44:925][  0]LogConfig: Applying CVar settings from Section [ShadowQuality@3] File [E:/GameJam/GameJam/Saved/Config/Windows/Scalability.ini]
[2024.07.29-11.06.44:925][  0]LogConfig: Setting CVar [[r.LightFunctionQuality:1]]
[2024.07.29-11.06.44:925][  0]LogConfig: Setting CVar [[r.ShadowQuality:5]]
[2024.07.29-11.06.44:925][  0]LogConfig: Setting CVar [[r.Shadow.CSM.MaxCascades:10]]
[2024.07.29-11.06.44:925][  0]LogConfig: Setting CVar [[r.Shadow.MaxResolution:2048]]
[2024.07.29-11.06.44:925][  0]LogConfig: Setting CVar [[r.Shadow.MaxCSMResolution:2048]]
[2024.07.29-11.06.44:926][  0]LogConfig: Setting CVar [[r.Shadow.RadiusThreshold:0.01]]
[2024.07.29-11.06.44:926][  0]LogConfig: Setting CVar [[r.Shadow.DistanceScale:1.0]]
[2024.07.29-11.06.44:926][  0]LogConfig: Setting CVar [[r.Shadow.CSM.TransitionScale:1.0]]
[2024.07.29-11.06.44:926][  0]LogConfig: Setting CVar [[r.Shadow.PreShadowResolutionFactor:1.0]]
[2024.07.29-11.06.44:926][  0]LogConfig: Setting CVar [[r.DistanceFieldShadowing:1]]
[2024.07.29-11.06.44:926][  0]LogConfig: Setting CVar [[r.DistanceFieldAO:1]]
[2024.07.29-11.06.44:926][  0]LogConfig: Setting CVar [[r.AOQuality:2]]
[2024.07.29-11.06.44:926][  0]LogConfig: Setting CVar [[r.VolumetricFog:1]]
[2024.07.29-11.06.44:926][  0]LogConfig: Setting CVar [[r.VolumetricFog.GridPixelSize:8]]
[2024.07.29-11.06.44:926][  0]LogConfig: Setting CVar [[r.VolumetricFog.GridSizeZ:128]]
[2024.07.29-11.06.44:926][  0]LogConfig: Setting CVar [[r.VolumetricFog.HistoryMissSupersampleCount:4]]
[2024.07.29-11.06.44:926][  0]LogConfig: Setting CVar [[r.LightMaxDrawDistanceScale:1]]
[2024.07.29-11.06.44:926][  0]LogConfig: Setting CVar [[r.CapsuleShadows:1]]
[2024.07.29-11.06.44:926][  0]LogConfig: Applying CVar settings from Section [PostProcessQuality@3] File [E:/GameJam/GameJam/Saved/Config/Windows/Scalability.ini]
[2024.07.29-11.06.44:926][  0]LogConfig: Setting CVar [[r.MotionBlurQuality:4]]
[2024.07.29-11.06.44:926][  0]LogConfig: Setting CVar [[r.AmbientOcclusionMipLevelFactor:0.4]]
[2024.07.29-11.06.44:926][  0]LogConfig: Setting CVar [[r.AmbientOcclusionMaxQuality:100]]
[2024.07.29-11.06.44:926][  0]LogConfig: Setting CVar [[r.AmbientOcclusionLevels:-1]]
[2024.07.29-11.06.44:926][  0]LogConfig: Setting CVar [[r.AmbientOcclusionRadiusScale:1.0]]
[2024.07.29-11.06.44:926][  0]LogConfig: Setting CVar [[r.DepthOfFieldQuality:2]]
[2024.07.29-11.06.44:926][  0]LogConfig: Setting CVar [[r.RenderTargetPoolMin:400]]
[2024.07.29-11.06.44:926][  0]LogConfig: Setting CVar [[r.LensFlareQuality:2]]
[2024.07.29-11.06.44:926][  0]LogConfig: Setting CVar [[r.SceneColorFringeQuality:1]]
[2024.07.29-11.06.44:926][  0]LogConfig: Setting CVar [[r.EyeAdaptationQuality:2]]
[2024.07.29-11.06.44:926][  0]LogConfig: Setting CVar [[r.BloomQuality:5]]
[2024.07.29-11.06.44:926][  0]LogConfig: Setting CVar [[r.FastBlurThreshold:100]]
[2024.07.29-11.06.44:926][  0]LogConfig: Setting CVar [[r.Upscale.Quality:3]]
[2024.07.29-11.06.44:926][  0]LogConfig: Setting CVar [[r.Tonemapper.GrainQuantization:1]]
[2024.07.29-11.06.44:926][  0]LogConfig: Setting CVar [[r.LightShaftQuality:1]]
[2024.07.29-11.06.44:926][  0]LogConfig: Setting CVar [[r.Filter.SizeScale:1]]
[2024.07.29-11.06.44:926][  0]LogConfig: Setting CVar [[r.Tonemapper.Quality:5]]
[2024.07.29-11.06.44:926][  0]LogConfig: Setting CVar [[r.DOF.Gather.AccumulatorQuality:1        ; higher gathering accumulator quality]]
[2024.07.29-11.06.44:926][  0]LogConfig: Setting CVar [[r.DOF.Gather.PostfilterMethod:1          ; Median3x3 postfilering method]]
[2024.07.29-11.06.44:926][  0]LogConfig: Setting CVar [[r.DOF.Gather.EnableBokehSettings:0       ; no bokeh simulation when gathering]]
[2024.07.29-11.06.44:926][  0]LogConfig: Setting CVar [[r.DOF.Gather.RingCount:4                 ; medium number of samples when gathering]]
[2024.07.29-11.06.44:926][  0]LogConfig: Setting CVar [[r.DOF.Scatter.ForegroundCompositing:1    ; additive foreground scattering]]
[2024.07.29-11.06.44:926][  0]LogConfig: Setting CVar [[r.DOF.Scatter.BackgroundCompositing:2    ; additive background scattering]]
[2024.07.29-11.06.44:926][  0]LogConfig: Setting CVar [[r.DOF.Scatter.EnableBokehSettings:1      ; bokeh simulation when scattering]]
[2024.07.29-11.06.44:926][  0]LogConfig: Setting CVar [[r.DOF.Scatter.MaxSpriteRatio:0.1         ; only a maximum of 10% of scattered bokeh]]
[2024.07.29-11.06.44:926][  0]LogConfig: Setting CVar [[r.DOF.Recombine.Quality:1                ; cheap slight out of focus]]
[2024.07.29-11.06.44:926][  0]LogConfig: Setting CVar [[r.DOF.Recombine.EnableBokehSettings:0    ; no bokeh simulation on slight out of focus]]
[2024.07.29-11.06.44:926][  0]LogConfig: Setting CVar [[r.DOF.TemporalAAQuality:1                ; more stable temporal accumulation]]
[2024.07.29-11.06.44:926][  0]LogConfig: Setting CVar [[r.DOF.Kernel.MaxForegroundRadius:0.025]]
[2024.07.29-11.06.44:926][  0]LogConfig: Setting CVar [[r.DOF.Kernel.MaxBackgroundRadius:0.025]]
[2024.07.29-11.06.44:926][  0]LogConfig: Applying CVar settings from Section [TextureQuality@3] File [E:/GameJam/GameJam/Saved/Config/Windows/Scalability.ini]
[2024.07.29-11.06.44:926][  0]LogConfig: Setting CVar [[r.Streaming.MipBias:0]]
[2024.07.29-11.06.44:926][  0]LogConfig: Setting CVar [[r.Streaming.AmortizeCPUToGPUCopy:0]]
[2024.07.29-11.06.44:926][  0]LogConfig: Setting CVar [[r.Streaming.MaxNumTexturesToStreamPerFrame:0]]
[2024.07.29-11.06.44:926][  0]LogConfig: Setting CVar [[r.Streaming.Boost:1]]
[2024.07.29-11.06.44:926][  0]LogConfig: Setting CVar [[r.MaxAnisotropy:8]]
[2024.07.29-11.06.44:926][  0]LogConfig: Setting CVar [[r.VT.MaxAnisotropy:8]]
[2024.07.29-11.06.44:926][  0]LogConfig: Setting CVar [[r.Streaming.LimitPoolSizeToVRAM:0]]
[2024.07.29-11.06.44:926][  0]LogConfig: Setting CVar [[r.Streaming.PoolSize:1000]]
[2024.07.29-11.06.44:926][  0]LogConfig: Setting CVar [[r.Streaming.MaxEffectiveScreenSize:0]]
[2024.07.29-11.06.44:926][  0]LogConfig: Applying CVar settings from Section [EffectsQuality@3] File [E:/GameJam/GameJam/Saved/Config/Windows/Scalability.ini]
[2024.07.29-11.06.44:926][  0]LogConfig: Setting CVar [[r.TranslucencyLightingVolumeDim:64]]
[2024.07.29-11.06.44:926][  0]LogConfig: Setting CVar [[r.RefractionQuality:2]]
[2024.07.29-11.06.44:926][  0]LogConfig: Setting CVar [[r.SSR.Quality:3]]
[2024.07.29-11.06.44:926][  0]LogConfig: Setting CVar [[r.SSR.HalfResSceneColor:0]]
[2024.07.29-11.06.44:926][  0]LogConfig: Setting CVar [[r.SceneColorFormat:4]]
[2024.07.29-11.06.44:926][  0]LogConfig: Setting CVar [[r.DetailMode:2]]
[2024.07.29-11.06.44:926][  0]LogConfig: Setting CVar [[r.TranslucencyVolumeBlur:1]]
[2024.07.29-11.06.44:926][  0]LogConfig: Setting CVar [[r.MaterialQualityLevel:1 ; High quality]]
[2024.07.29-11.06.44:926][  0]LogConfig: Setting CVar [[r.AnisotropicMaterials:1]]
[2024.07.29-11.06.44:926][  0]LogConfig: Setting CVar [[r.SSS.Scale:1]]
[2024.07.29-11.06.44:926][  0]LogConfig: Setting CVar [[r.SSS.SampleSet:2]]
[2024.07.29-11.06.44:926][  0]LogConfig: Setting CVar [[r.SSS.Quality:1]]
[2024.07.29-11.06.44:926][  0]LogConfig: Setting CVar [[r.SSS.HalfRes:0]]
[2024.07.29-11.06.44:926][  0]LogConfig: Setting CVar [[r.SSGI.Quality:3]]
[2024.07.29-11.06.44:926][  0]LogConfig: Setting CVar [[r.EmitterSpawnRateScale:1.0]]
[2024.07.29-11.06.44:926][  0]LogConfig: Setting CVar [[r.ParticleLightQuality:2]]
[2024.07.29-11.06.44:926][  0]LogConfig: Setting CVar [[r.SkyAtmosphere.AerialPerspectiveLUT.FastApplyOnOpaque:1 ; Always have FastSkyLUT 1 in this case to avoid wrong sky]]
[2024.07.29-11.06.44:926][  0]LogConfig: Setting CVar [[r.SkyAtmosphere.AerialPerspectiveLUT.SampleCountMaxPerSlice:4]]
[2024.07.29-11.06.44:926][  0]LogConfig: Setting CVar [[r.SkyAtmosphere.AerialPerspectiveLUT.DepthResolution:16.0]]
[2024.07.29-11.06.44:926][  0]LogConfig: Setting CVar [[r.SkyAtmosphere.FastSkyLUT:1]]
[2024.07.29-11.06.44:926][  0]LogConfig: Setting CVar [[r.SkyAtmosphere.FastSkyLUT.SampleCountMin:4.0]]
[2024.07.29-11.06.44:926][  0]LogConfig: Setting CVar [[r.SkyAtmosphere.FastSkyLUT.SampleCountMax:128.0]]
[2024.07.29-11.06.44:926][  0]LogConfig: Setting CVar [[r.SkyAtmosphere.SampleCountMin:4.0]]
[2024.07.29-11.06.44:926][  0]LogConfig: Setting CVar [[r.SkyAtmosphere.SampleCountMax:128.0]]
[2024.07.29-11.06.44:926][  0]LogConfig: Setting CVar [[r.SkyAtmosphere.TransmittanceLUT.UseSmallFormat:0]]
[2024.07.29-11.06.44:926][  0]LogConfig: Setting CVar [[r.SkyAtmosphere.TransmittanceLUT.SampleCount:10.0]]
[2024.07.29-11.06.44:926][  0]LogConfig: Setting CVar [[r.SkyAtmosphere.MultiScatteringLUT.SampleCount:15.0]]
[2024.07.29-11.06.44:926][  0]LogConfig: Setting CVar [[r.SkyLight.RealTimeReflectionCapture:1]]
[2024.07.29-11.06.44:926][  0]LogConfig: Applying CVar settings from Section [FoliageQuality@3] File [E:/GameJam/GameJam/Saved/Config/Windows/Scalability.ini]
[2024.07.29-11.06.44:926][  0]LogConfig: Setting CVar [[foliage.DensityScale:1.0]]
[2024.07.29-11.06.44:926][  0]LogConfig: Setting CVar [[grass.DensityScale:1.0]]
[2024.07.29-11.06.44:926][  0]LogConfig: Applying CVar settings from Section [ShadingQuality@3] File [E:/GameJam/GameJam/Saved/Config/Windows/Scalability.ini]
[2024.07.29-11.06.44:926][  0]LogConfig: Setting CVar [[r.HairStrands.SkyLighting.IntegrationType:2]]
[2024.07.29-11.06.44:926][  0]LogConfig: Setting CVar [[r.HairStrands.SkyAO.SampleCount:4]]
[2024.07.29-11.06.44:926][  0]LogConfig: Setting CVar [[r.HairStrands.Visibility.MSAA.SamplePerPixel:4]]
[2024.07.29-11.06.44:927][  0]LogInit: Selected Device Profile: [Windows]
[2024.07.29-11.06.44:927][  0]LogInit: Applying CVar settings loaded from the selected device profile: [Windows]
[2024.07.29-11.06.44:927][  0]LogHAL: Display: Platform has ~ 8 GB [7949611008 / 8589934592 / 8], which maps to Default [LargestMinGB=32, LargerMinGB=12, DefaultMinGB=8, SmallerMinGB=6, SmallestMinGB=0)
[2024.07.29-11.06.44:927][  0]LogInit: Going up to parent DeviceProfile []
[2024.07.29-11.06.44:928][  0]LogConfig: Applying CVar settings from Section [ViewDistanceQuality@3] File [E:/GameJam/GameJam/Saved/Config/Windows/Scalability.ini]
[2024.07.29-11.06.44:928][  0]LogConfig: Setting CVar [[r.SkeletalMeshLODBias:0]]
[2024.07.29-11.06.44:928][  0]LogConfig: Setting CVar [[r.ViewDistanceScale:1.0]]
[2024.07.29-11.06.44:928][  0]LogConfig: Applying CVar settings from Section [AntiAliasingQuality@3] File [E:/GameJam/GameJam/Saved/Config/Windows/Scalability.ini]
[2024.07.29-11.06.44:928][  0]LogConfig: Setting CVar [[r.PostProcessAAQuality:4]]
[2024.07.29-11.06.44:928][  0]LogConfig: Applying CVar settings from Section [ShadowQuality@3] File [E:/GameJam/GameJam/Saved/Config/Windows/Scalability.ini]
[2024.07.29-11.06.44:928][  0]LogConfig: Setting CVar [[r.LightFunctionQuality:1]]
[2024.07.29-11.06.44:928][  0]LogConfig: Setting CVar [[r.ShadowQuality:5]]
[2024.07.29-11.06.44:928][  0]LogConfig: Setting CVar [[r.Shadow.CSM.MaxCascades:10]]
[2024.07.29-11.06.44:928][  0]LogConfig: Setting CVar [[r.Shadow.MaxResolution:2048]]
[2024.07.29-11.06.44:928][  0]LogConfig: Setting CVar [[r.Shadow.MaxCSMResolution:2048]]
[2024.07.29-11.06.44:928][  0]LogConfig: Setting CVar [[r.Shadow.RadiusThreshold:0.01]]
[2024.07.29-11.06.44:928][  0]LogConfig: Setting CVar [[r.Shadow.DistanceScale:1.0]]
[2024.07.29-11.06.44:928][  0]LogConfig: Setting CVar [[r.Shadow.CSM.TransitionScale:1.0]]
[2024.07.29-11.06.44:928][  0]LogConfig: Setting CVar [[r.Shadow.PreShadowResolutionFactor:1.0]]
[2024.07.29-11.06.44:928][  0]LogConfig: Setting CVar [[r.DistanceFieldShadowing:1]]
[2024.07.29-11.06.44:928][  0]LogConfig: Setting CVar [[r.DistanceFieldAO:1]]
[2024.07.29-11.06.44:928][  0]LogConfig: Setting CVar [[r.AOQuality:2]]
[2024.07.29-11.06.44:928][  0]LogConfig: Setting CVar [[r.VolumetricFog:1]]
[2024.07.29-11.06.44:928][  0]LogConfig: Setting CVar [[r.VolumetricFog.GridPixelSize:8]]
[2024.07.29-11.06.44:928][  0]LogConfig: Setting CVar [[r.VolumetricFog.GridSizeZ:128]]
[2024.07.29-11.06.44:928][  0]LogConfig: Setting CVar [[r.VolumetricFog.HistoryMissSupersampleCount:4]]
[2024.07.29-11.06.44:928][  0]LogConfig: Setting CVar [[r.LightMaxDrawDistanceScale:1]]
[2024.07.29-11.06.44:928][  0]LogConfig: Setting CVar [[r.CapsuleShadows:1]]
[2024.07.29-11.06.44:928][  0]LogConfig: Applying CVar settings from Section [PostProcessQuality@3] File [E:/GameJam/GameJam/Saved/Config/Windows/Scalability.ini]
[2024.07.29-11.06.44:928][  0]LogConfig: Setting CVar [[r.MotionBlurQuality:4]]
[2024.07.29-11.06.44:928][  0]LogConfig: Setting CVar [[r.AmbientOcclusionMipLevelFactor:0.4]]
[2024.07.29-11.06.44:928][  0]LogConfig: Setting CVar [[r.AmbientOcclusionMaxQuality:100]]
[2024.07.29-11.06.44:928][  0]LogConfig: Setting CVar [[r.AmbientOcclusionLevels:-1]]
[2024.07.29-11.06.44:928][  0]LogConfig: Setting CVar [[r.AmbientOcclusionRadiusScale:1.0]]
[2024.07.29-11.06.44:928][  0]LogConfig: Setting CVar [[r.DepthOfFieldQuality:2]]
[2024.07.29-11.06.44:928][  0]LogConfig: Setting CVar [[r.RenderTargetPoolMin:400]]
[2024.07.29-11.06.44:928][  0]LogConfig: Setting CVar [[r.LensFlareQuality:2]]
[2024.07.29-11.06.44:928][  0]LogConfig: Setting CVar [[r.SceneColorFringeQuality:1]]
[2024.07.29-11.06.44:928][  0]LogConfig: Setting CVar [[r.EyeAdaptationQuality:2]]
[2024.07.29-11.06.44:928][  0]LogConfig: Setting CVar [[r.BloomQuality:5]]
[2024.07.29-11.06.44:928][  0]LogConfig: Setting CVar [[r.FastBlurThreshold:100]]
[2024.07.29-11.06.44:928][  0]LogConfig: Setting CVar [[r.Upscale.Quality:3]]
[2024.07.29-11.06.44:928][  0]LogConfig: Setting CVar [[r.Tonemapper.GrainQuantization:1]]
[2024.07.29-11.06.44:928][  0]LogConfig: Setting CVar [[r.LightShaftQuality:1]]
[2024.07.29-11.06.44:928][  0]LogConfig: Setting CVar [[r.Filter.SizeScale:1]]
[2024.07.29-11.06.44:928][  0]LogConfig: Setting CVar [[r.Tonemapper.Quality:5]]
[2024.07.29-11.06.44:928][  0]LogConfig: Setting CVar [[r.DOF.Gather.AccumulatorQuality:1        ; higher gathering accumulator quality]]
[2024.07.29-11.06.44:928][  0]LogConfig: Setting CVar [[r.DOF.Gather.PostfilterMethod:1          ; Median3x3 postfilering method]]
[2024.07.29-11.06.44:928][  0]LogConfig: Setting CVar [[r.DOF.Gather.EnableBokehSettings:0       ; no bokeh simulation when gathering]]
[2024.07.29-11.06.44:928][  0]LogConfig: Setting CVar [[r.DOF.Gather.RingCount:4                 ; medium number of samples when gathering]]
[2024.07.29-11.06.44:928][  0]LogConfig: Setting CVar [[r.DOF.Scatter.ForegroundCompositing:1    ; additive foreground scattering]]
[2024.07.29-11.06.44:928][  0]LogConfig: Setting CVar [[r.DOF.Scatter.BackgroundCompositing:2    ; additive background scattering]]
[2024.07.29-11.06.44:928][  0]LogConfig: Setting CVar [[r.DOF.Scatter.EnableBokehSettings:1      ; bokeh simulation when scattering]]
[2024.07.29-11.06.44:928][  0]LogConfig: Setting CVar [[r.DOF.Scatter.MaxSpriteRatio:0.1         ; only a maximum of 10% of scattered bokeh]]
[2024.07.29-11.06.44:928][  0]LogConfig: Setting CVar [[r.DOF.Recombine.Quality:1                ; cheap slight out of focus]]
[2024.07.29-11.06.44:928][  0]LogConfig: Setting CVar [[r.DOF.Recombine.EnableBokehSettings:0    ; no bokeh simulation on slight out of focus]]
[2024.07.29-11.06.44:928][  0]LogConfig: Setting CVar [[r.DOF.TemporalAAQuality:1                ; more stable temporal accumulation]]
[2024.07.29-11.06.44:928][  0]LogConfig: Setting CVar [[r.DOF.Kernel.MaxForegroundRadius:0.025]]
[2024.07.29-11.06.44:928][  0]LogConfig: Setting CVar [[r.DOF.Kernel.MaxBackgroundRadius:0.025]]
[2024.07.29-11.06.44:928][  0]LogConfig: Applying CVar settings from Section [TextureQuality@3] File [E:/GameJam/GameJam/Saved/Config/Windows/Scalability.ini]
[2024.07.29-11.06.44:928][  0]LogConfig: Setting CVar [[r.Streaming.MipBias:0]]
[2024.07.29-11.06.44:928][  0]LogConfig: Setting CVar [[r.Streaming.AmortizeCPUToGPUCopy:0]]
[2024.07.29-11.06.44:928][  0]LogConfig: Setting CVar [[r.Streaming.MaxNumTexturesToStreamPerFrame:0]]
[2024.07.29-11.06.44:928][  0]LogConfig: Setting CVar [[r.Streaming.Boost:1]]
[2024.07.29-11.06.44:928][  0]LogConfig: Setting CVar [[r.MaxAnisotropy:8]]
[2024.07.29-11.06.44:928][  0]LogConfig: Setting CVar [[r.VT.MaxAnisotropy:8]]
[2024.07.29-11.06.44:928][  0]LogConfig: Setting CVar [[r.Streaming.LimitPoolSizeToVRAM:0]]
[2024.07.29-11.06.44:928][  0]LogConfig: Setting CVar [[r.Streaming.PoolSize:1000]]
[2024.07.29-11.06.44:928][  0]LogConfig: Setting CVar [[r.Streaming.MaxEffectiveScreenSize:0]]
[2024.07.29-11.06.44:928][  0]LogConfig: Applying CVar settings from Section [EffectsQuality@3] File [E:/GameJam/GameJam/Saved/Config/Windows/Scalability.ini]
[2024.07.29-11.06.44:928][  0]LogConfig: Setting CVar [[r.TranslucencyLightingVolumeDim:64]]
[2024.07.29-11.06.44:928][  0]LogConfig: Setting CVar [[r.RefractionQuality:2]]
[2024.07.29-11.06.44:928][  0]LogConfig: Setting CVar [[r.SSR.Quality:3]]
[2024.07.29-11.06.44:928][  0]LogConfig: Setting CVar [[r.SSR.HalfResSceneColor:0]]
[2024.07.29-11.06.44:928][  0]LogConfig: Setting CVar [[r.SceneColorFormat:4]]
[2024.07.29-11.06.44:928][  0]LogConfig: Setting CVar [[r.DetailMode:2]]
[2024.07.29-11.06.44:928][  0]LogConfig: Setting CVar [[r.TranslucencyVolumeBlur:1]]
[2024.07.29-11.06.44:928][  0]LogConfig: Setting CVar [[r.MaterialQualityLevel:1 ; High quality]]
[2024.07.29-11.06.44:928][  0]LogConfig: Setting CVar [[r.AnisotropicMaterials:1]]
[2024.07.29-11.06.44:928][  0]LogConfig: Setting CVar [[r.SSS.Scale:1]]
[2024.07.29-11.06.44:928][  0]LogConfig: Setting CVar [[r.SSS.SampleSet:2]]
[2024.07.29-11.06.44:928][  0]LogConfig: Setting CVar [[r.SSS.Quality:1]]
[2024.07.29-11.06.44:928][  0]LogConfig: Setting CVar [[r.SSS.HalfRes:0]]
[2024.07.29-11.06.44:928][  0]LogConfig: Setting CVar [[r.SSGI.Quality:3]]
[2024.07.29-11.06.44:928][  0]LogConfig: Setting CVar [[r.EmitterSpawnRateScale:1.0]]
[2024.07.29-11.06.44:928][  0]LogConfig: Setting CVar [[r.ParticleLightQuality:2]]
[2024.07.29-11.06.44:928][  0]LogConfig: Setting CVar [[r.SkyAtmosphere.AerialPerspectiveLUT.FastApplyOnOpaque:1 ; Always have FastSkyLUT 1 in this case to avoid wrong sky]]
[2024.07.29-11.06.44:928][  0]LogConfig: Setting CVar [[r.SkyAtmosphere.AerialPerspectiveLUT.SampleCountMaxPerSlice:4]]
[2024.07.29-11.06.44:928][  0]LogConfig: Setting CVar [[r.SkyAtmosphere.AerialPerspectiveLUT.DepthResolution:16.0]]
[2024.07.29-11.06.44:928][  0]LogConfig: Setting CVar [[r.SkyAtmosphere.FastSkyLUT:1]]
[2024.07.29-11.06.44:928][  0]LogConfig: Setting CVar [[r.SkyAtmosphere.FastSkyLUT.SampleCountMin:4.0]]
[2024.07.29-11.06.44:928][  0]LogConfig: Setting CVar [[r.SkyAtmosphere.FastSkyLUT.SampleCountMax:128.0]]
[2024.07.29-11.06.44:928][  0]LogConfig: Setting CVar [[r.SkyAtmosphere.SampleCountMin:4.0]]
[2024.07.29-11.06.44:929][  0]LogConfig: Setting CVar [[r.SkyAtmosphere.SampleCountMax:128.0]]
[2024.07.29-11.06.44:929][  0]LogConfig: Setting CVar [[r.SkyAtmosphere.TransmittanceLUT.UseSmallFormat:0]]
[2024.07.29-11.06.44:929][  0]LogConfig: Setting CVar [[r.SkyAtmosphere.TransmittanceLUT.SampleCount:10.0]]
[2024.07.29-11.06.44:929][  0]LogConfig: Setting CVar [[r.SkyAtmosphere.MultiScatteringLUT.SampleCount:15.0]]
[2024.07.29-11.06.44:929][  0]LogConfig: Setting CVar [[r.SkyLight.RealTimeReflectionCapture:1]]
[2024.07.29-11.06.44:929][  0]LogConfig: Applying CVar settings from Section [FoliageQuality@3] File [E:/GameJam/GameJam/Saved/Config/Windows/Scalability.ini]
[2024.07.29-11.06.44:929][  0]LogConfig: Setting CVar [[foliage.DensityScale:1.0]]
[2024.07.29-11.06.44:929][  0]LogConfig: Setting CVar [[grass.DensityScale:1.0]]
[2024.07.29-11.06.44:929][  0]LogConfig: Applying CVar settings from Section [ShadingQuality@3] File [E:/GameJam/GameJam/Saved/Config/Windows/Scalability.ini]
[2024.07.29-11.06.44:929][  0]LogConfig: Setting CVar [[r.HairStrands.SkyLighting.IntegrationType:2]]
[2024.07.29-11.06.44:929][  0]LogConfig: Setting CVar [[r.HairStrands.SkyAO.SampleCount:4]]
[2024.07.29-11.06.44:929][  0]LogConfig: Setting CVar [[r.HairStrands.Visibility.MSAA.SamplePerPixel:4]]
[2024.07.29-11.06.44:929][  0]LogConfig: Applying CVar settings from Section [Startup] File [../../../Engine/Config/ConsoleVariables.ini]
[2024.07.29-11.06.44:935][  0]LogConfig: Setting CVar [[net.UseAdaptiveNetUpdateFrequency:0]]
[2024.07.29-11.06.44:935][  0]LogConfig: Setting CVar [[p.chaos.AllowCreatePhysxBodies:1]]
[2024.07.29-11.06.44:935][  0]LogConfig: Setting CVar [[fx.SkipVectorVMBackendOptimizations:1]]
[2024.07.29-11.06.44:935][  0]LogConfig: Applying CVar settings from Section [ConsoleVariables] File [E:/GameJam/GameJam/Saved/Config/Windows/Engine.ini]
[2024.07.29-11.06.44:935][  0]LogConfig: Applying CVar settings from Section [ConsoleVariables] File [E:/GameJam/GameJam/Saved/Config/Windows/Editor.ini]
[2024.07.29-11.06.44:935][  0]LogInit: Computer: LAPTOP-CH206H1P
[2024.07.29-11.06.44:935][  0]LogInit: User: shiba
[2024.07.29-11.06.44:935][  0]LogInit: CPU Page size=4096, Cores=6
[2024.07.29-11.06.44:935][  0]LogInit: High frequency timer resolution =10.000000 MHz
[2024.07.29-11.06.44:935][  0]LogMemory: Memory total: Physical=7.4GB (8GB approx)
[2024.07.29-11.06.44:935][  0]LogMemory: Platform Memory Stats for Windows
[2024.07.29-11.06.44:935][  0]LogMemory: Process Physical Memory: 146.24 MB used, 146.24 MB peak
[2024.07.29-11.06.44:935][  0]LogMemory: Process Virtual Memory: 129.56 MB used, 129.56 MB peak
[2024.07.29-11.06.44:935][  0]LogMemory: Physical Memory: 4920.32 MB used,  2661.02 MB free, 7581.34 MB total
[2024.07.29-11.06.44:935][  0]LogMemory: Virtual Memory: 134210744.00 MB used,  6986.62 MB free, 134217728.00 MB total
[2024.07.29-11.06.44:941][  0]LogWindows: WindowsPlatformFeatures enabled
[2024.07.29-11.06.45:235][  0]LogInit: Physics initialised using underlying interface: PhysX
[2024.07.29-11.06.45:236][  0]LogInit: Using OS detected language (en-US).
[2024.07.29-11.06.45:236][  0]LogInit: Using OS detected locale (en-IN).
[2024.07.29-11.06.45:244][  0]LogTextLocalizationManager: No specific localization for 'en-US' exists, so the 'en' localization will be used.
[2024.07.29-11.06.45:512][  0]LogInit: Setting process to per monitor DPI aware
[2024.07.29-11.06.45:536][  0]LogWindowsTextInputMethodSystem: Display: IME system deactivated.
[2024.07.29-11.06.45:618][  0]LogSlate: New Slate User Created.  User Index 0, Is Virtual User: 0
[2024.07.29-11.06.45:618][  0]LogSlate: Slate User Registered.  User Index 0, Is Virtual User: 0
[2024.07.29-11.06.48:063][  0]LogD3D11RHI: Loaded GFSDK_Aftermath_Lib.x64.dll
[2024.07.29-11.06.48:120][  0]LogHMD: Failed to initialize OpenVR with code 110
[2024.07.29-11.06.48:120][  0]LogD3D11RHI: D3D11 min allowed feature level: 11_0
[2024.07.29-11.06.48:120][  0]LogD3D11RHI: D3D11 max allowed feature level: 11_0
[2024.07.29-11.06.48:120][  0]LogD3D11RHI: D3D11 adapters:
[2024.07.29-11.06.49:195][  0]LogD3D11RHI:    0. 'NVIDIA GeForce GTX 1650' (Feature Level 11_0)
[2024.07.29-11.06.49:195][  0]LogD3D11RHI:       3965/0/3790 MB DedicatedVideo/DedicatedSystem/SharedSystem, Outputs:1, VendorId:0x10de
[2024.07.29-11.06.49:258][  0]LogD3D11RHI:    1. 'AMD Radeon(TM) Graphics' (Feature Level 11_0)
[2024.07.29-11.06.49:258][  0]LogD3D11RHI:       495/0/3790 MB DedicatedVideo/DedicatedSystem/SharedSystem, Outputs:0, VendorId:0x1002
[2024.07.29-11.06.49:259][  0]LogD3D11RHI:    2. 'Microsoft Basic Render Driver' (Feature Level 11_0)
[2024.07.29-11.06.49:259][  0]LogD3D11RHI:       0/0/3790 MB DedicatedVideo/DedicatedSystem/SharedSystem, Outputs:0, VendorId:0x1414
[2024.07.29-11.06.49:259][  0]LogD3D11RHI: Chosen D3D11 Adapter:
[2024.07.29-11.06.49:259][  0]LogD3D11RHI:     Description : NVIDIA GeForce GTX 1650
[2024.07.29-11.06.49:259][  0]LogD3D11RHI:     VendorId    : 10de
[2024.07.29-11.06.49:259][  0]LogD3D11RHI:     DeviceId    : 1f9d
[2024.07.29-11.06.49:259][  0]LogD3D11RHI:     SubSysId    : 14bd1043
[2024.07.29-11.06.49:259][  0]LogD3D11RHI:     Revision    : 00a1
[2024.07.29-11.06.49:259][  0]LogD3D11RHI:     DedicatedVideoMemory : 4157603840 bytes
[2024.07.29-11.06.49:259][  0]LogD3D11RHI:     DedicatedSystemMemory : 0 bytes
[2024.07.29-11.06.49:259][  0]LogD3D11RHI:     SharedSystemMemory : 3974805504 bytes
[2024.07.29-11.06.49:259][  0]LogD3D11RHI:     AdapterLuid : 0 64365
[2024.07.29-11.06.49:266][  0]LogD3D11RHI: Creating new Direct3DDevice
[2024.07.29-11.06.49:266][  0]LogD3D11RHI:     GPU DeviceId: 0x1f9d (for the marketing name, search the web for "GPU Device Id")
[2024.07.29-11.06.49:266][  0]LogWindows: EnumDisplayDevices:
[2024.07.29-11.06.49:266][  0]LogWindows:    0. 'AMD Radeon(TM) Graphics' (P:1 D:1)
[2024.07.29-11.06.49:266][  0]LogWindows:    1. 'AMD Radeon(TM) Graphics' (P:0 D:0)
[2024.07.29-11.06.49:266][  0]LogWindows:    2. 'AMD Radeon(TM) Graphics' (P:0 D:0)
[2024.07.29-11.06.49:266][  0]LogWindows:    3. 'AMD Radeon(TM) Graphics' (P:0 D:0)
[2024.07.29-11.06.49:267][  0]LogWindows:    4. 'AMD Radeon(TM) Graphics' (P:0 D:0)
[2024.07.29-11.06.49:267][  0]LogWindows: DebugString: PrimaryIsNotTheChoosenAdapter PrimaryIsNotTheChoosenAdapter PrimaryIsNotTheChoosenAdapter PrimaryIsNotTheChoosenAdapter PrimaryIsNotTheChoosenAdapter FoundDriverCount:0 
[2024.07.29-11.06.49:267][  0]LogD3D11RHI:     Adapter Name: NVIDIA GeForce GTX 1650
[2024.07.29-11.06.49:267][  0]LogD3D11RHI:   Driver Version: Unknown (internal:Unknown, unified:Unknown)
[2024.07.29-11.06.49:267][  0]LogD3D11RHI:      Driver Date: Unknown
[2024.07.29-11.06.49:267][  0]LogRHI: Texture pool is 2775 MB (70% of 3965 MB)
[2024.07.29-11.06.49:267][  0]LogD3D11RHI: Creating D3DDevice using adapter:
[2024.07.29-11.06.49:267][  0]LogD3D11RHI:     Description : NVIDIA GeForce GTX 1650
[2024.07.29-11.06.49:267][  0]LogD3D11RHI:     VendorId    : 10de
[2024.07.29-11.06.49:267][  0]LogD3D11RHI:     DeviceId    : 1f9d
[2024.07.29-11.06.49:267][  0]LogD3D11RHI:     SubSysId    : 14bd1043
[2024.07.29-11.06.49:267][  0]LogD3D11RHI:     Revision    : 00a1
[2024.07.29-11.06.49:267][  0]LogD3D11RHI:     DedicatedVideoMemory : 4157603840 bytes
[2024.07.29-11.06.49:267][  0]LogD3D11RHI:     DedicatedSystemMemory : 0 bytes
[2024.07.29-11.06.49:267][  0]LogD3D11RHI:     SharedSystemMemory : 3974805504 bytes
[2024.07.29-11.06.49:267][  0]LogD3D11RHI:     AdapterLuid : 0 64365
[2024.07.29-11.06.49:306][  0]LogD3D11RHI: RHI has support for 64 bit atomics
[2024.07.29-11.06.49:307][  0]LogD3D11RHI: Async texture creation enabled
[2024.07.29-11.06.49:307][  0]LogD3D11RHI: Array index from any shader is supported
[2024.07.29-11.06.49:350][  0]LogD3D11RHI: GPU Timing Frequency: 1000.000000 (Debug: 2 1)
[2024.07.29-11.06.49:428][  0]LogRHI: GeForceNow SDK initialized: 1
[2024.07.29-11.06.50:082][  0]LogTargetPlatformManager: Display: Loaded TargetPlatform 'AllDesktop'
[2024.07.29-11.06.50:124][  0]LogTargetPlatformManager: Display: Loaded TargetPlatform 'Android'
[2024.07.29-11.06.50:124][  0]LogTargetPlatformManager: Display: Loaded TargetPlatform 'Android_ASTC'
[2024.07.29-11.06.50:124][  0]LogTargetPlatformManager: Display: Loaded TargetPlatform 'Android_DXT'
[2024.07.29-11.06.50:124][  0]LogTargetPlatformManager: Display: Loaded TargetPlatform 'Android_ETC2'
[2024.07.29-11.06.50:124][  0]LogTargetPlatformManager: Display: Loaded TargetPlatform 'AndroidClient'
[2024.07.29-11.06.50:124][  0]LogTargetPlatformManager: Display: Loaded TargetPlatform 'Android_ASTCClient'
[2024.07.29-11.06.50:124][  0]LogTargetPlatformManager: Display: Loaded TargetPlatform 'Android_DXTClient'
[2024.07.29-11.06.50:124][  0]LogTargetPlatformManager: Display: Loaded TargetPlatform 'Android_ETC2Client'
[2024.07.29-11.06.50:124][  0]LogTargetPlatformManager: Display: Loaded TargetPlatform 'Android_Multi'
[2024.07.29-11.06.50:124][  0]LogTargetPlatformManager: Display: Loaded TargetPlatform 'Android_MultiClient'
[2024.07.29-11.06.50:199][  0]LogTargetPlatformManager: Display: Loaded TargetPlatform 'IOSClient'
[2024.07.29-11.06.50:199][  0]LogTargetPlatformManager: Display: Loaded TargetPlatform 'IOS'
[2024.07.29-11.06.50:237][  0]LogTargetPlatformManager: Display: Loaded TargetPlatform 'Linux'
[2024.07.29-11.06.50:258][  0]LogTargetPlatformManager: Display: Loaded TargetPlatform 'LinuxNoEditor'
[2024.07.29-11.06.50:282][  0]LogTargetPlatformManager: Display: Loaded TargetPlatform 'LinuxClient'
[2024.07.29-11.06.50:304][  0]LogTargetPlatformManager: Display: Loaded TargetPlatform 'LinuxServer'
[2024.07.29-11.06.50:336][  0]LogTargetPlatformManager: Display: Loaded TargetPlatform 'LinuxAArch64NoEditor'
[2024.07.29-11.06.50:360][  0]LogTargetPlatformManager: Display: Loaded TargetPlatform 'LinuxAArch64Client'
[2024.07.29-11.06.50:386][  0]LogTargetPlatformManager: Display: Loaded TargetPlatform 'LinuxAArch64Server'
[2024.07.29-11.06.50:426][  0]LogTargetPlatformManager: Display: Loaded TargetPlatform 'Lumin'
[2024.07.29-11.06.50:426][  0]LogTargetPlatformManager: Display: Loaded TargetPlatform 'LuminClient'
[2024.07.29-11.06.50:461][  0]LogTargetPlatformManager: Display: Loaded TargetPlatform 'MacNoEditor'
[2024.07.29-11.06.50:484][  0]LogTargetPlatformManager: Display: Loaded TargetPlatform 'Mac'
[2024.07.29-11.06.50:507][  0]LogTargetPlatformManager: Display: Loaded TargetPlatform 'MacClient'
[2024.07.29-11.06.50:528][  0]LogTargetPlatformManager: Display: Loaded TargetPlatform 'MacServer'
[2024.07.29-11.06.50:554][  0]LogTargetPlatformManager: Display: Loaded TargetPlatform 'TVOSClient'
[2024.07.29-11.06.50:554][  0]LogTargetPlatformManager: Display: Loaded TargetPlatform 'TVOS'
[2024.07.29-11.06.50:581][  0]LogTargetPlatformManager: Display: Loaded TargetPlatform 'WindowsNoEditor'
[2024.07.29-11.06.50:605][  0]LogTargetPlatformManager: Display: Loaded TargetPlatform 'Windows'
[2024.07.29-11.06.50:629][  0]LogTargetPlatformManager: Display: Loaded TargetPlatform 'WindowsClient'
[2024.07.29-11.06.50:653][  0]LogTargetPlatformManager: Display: Loaded TargetPlatform 'WindowsServer'
[2024.07.29-11.06.50:653][  0]LogTargetPlatformManager: Display: Building Assets For Windows
[2024.07.29-11.06.50:741][  0]LogAudioDebug: Display: Lib vorbis DLL was dynamically loaded.
[2024.07.29-11.06.50:989][  0]LogTextureFormatOodle: Display: Oodle Texture 2.9.0 init RDO Off
[2024.07.29-11.06.51:314][  0]LogRendererCore: Ray tracing is disabled. Reason: r.RayTracing=0.
[2024.07.29-11.06.51:315][  0]LogShaderCompilers: Guid format shader working directory is 27 characters bigger than the processId version (E:/GameJam/GameJam/Intermediate/Shaders/WorkingDirectory/12644/).
[2024.07.29-11.06.51:315][  0]LogShaderCompilers: Cleaned the shader compiler working directory 'C:/Users/shiba/AppData/Local/Temp/UnrealShaderWorkingDir/011B4E404C44A6E4839E0688B5C8774B/'.
[2024.07.29-11.06.51:315][  0]LogXGEController: Cannot use XGE Controller as Incredibuild is not installed on this machine.
[2024.07.29-11.06.51:315][  0]LogShaderCompilers: Cannot use XGE Shader Compiler as Incredibuild is not installed on this machine.
[2024.07.29-11.06.51:315][  0]LogShaderCompilers: Display: Using Local Shader Compiler.
[2024.07.29-11.06.54:416][  0]LogDerivedDataCache: Display: Max Cache Size: 512 MB
[2024.07.29-11.06.54:487][  0]LogDerivedDataCache: Loaded boot cache 0.07s 94MB C:/Users/shiba/AppData/Local/UnrealEngine/4.27/DerivedDataCache/Boot.ddc.
[2024.07.29-11.06.54:487][  0]LogDerivedDataCache: Display: Loaded Boot cache: C:/Users/shiba/AppData/Local/UnrealEngine/4.27/DerivedDataCache/Boot.ddc
[2024.07.29-11.06.54:488][  0]LogDerivedDataCache: FDerivedDataBackendGraph:  Pak pak cache file E:/GameJam/GameJam/DerivedDataCache/DDC.ddp not found, will not use a pak cache.
[2024.07.29-11.06.54:488][  0]LogDerivedDataCache: Unable to find inner node Pak for hierarchical cache Hierarchy.
[2024.07.29-11.06.54:488][  0]LogDerivedDataCache: FDerivedDataBackendGraph:  CompressedPak pak cache file E:/GameJam/GameJam/DerivedDataCache/Compressed.ddp not found, will not use a pak cache.
[2024.07.29-11.06.54:488][  0]LogDerivedDataCache: Unable to find inner node CompressedPak for hierarchical cache Hierarchy.
[2024.07.29-11.06.54:516][  0]LogDerivedDataCache: Display: Pak cache opened for reading ../../../Engine/DerivedDataCache/Compressed.ddp.
[2024.07.29-11.06.54:516][  0]LogDerivedDataCache: FDerivedDataBackendGraph:  EnterprisePak pak cache file ../../../Enterprise/DerivedDataCache/Compressed.ddp not found, will not use a pak cache.
[2024.07.29-11.06.54:516][  0]LogDerivedDataCache: Unable to find inner node EnterprisePak for hierarchical cache Hierarchy.
[2024.07.29-11.06.54:567][  0]LogDerivedDataCache: Speed tests for C:/Users/shiba/AppData/Local/UnrealEngine/Common/DerivedDataCache took 0.05 seconds
[2024.07.29-11.06.54:567][  0]LogDerivedDataCache: Display: Performance to C:/Users/shiba/AppData/Local/UnrealEngine/Common/DerivedDataCache: Latency=0.25ms. RandomReadSpeed=21.89MBs, RandomWriteSpeed=198.58MBs. Assigned SpeedClass 'Local'
[2024.07.29-11.06.54:570][  0]LogDerivedDataCache: Using Local data cache path C:/Users/shiba/AppData/Local/UnrealEngine/Common/DerivedDataCache: Writable
[2024.07.29-11.06.54:570][  0]LogDerivedDataCache: Shared data cache path not found in *engine.ini, will not use an Shared cache.
[2024.07.29-11.06.54:570][  0]LogDerivedDataCache: Unable to find inner node Shared for hierarchical cache Hierarchy.
[2024.07.29-11.06.54:616][  0]LogSlate: Using FreeType 2.10.0
[2024.07.29-11.06.54:632][  0]LogSlate: SlateFontServices - WITH_FREETYPE: 1, WITH_HARFBUZZ: 1
[2024.07.29-11.06.54:801][  0]LogAssetRegistry: FAssetRegistry took 0.0042 seconds to start up
[2024.07.29-11.06.55:230][  0]LogInit: Selected Device Profile: [Windows]
[2024.07.29-11.06.55:230][  0]LogInit: Active device profile: [0000024497E0EE00][00000244977A0200 49] Windows
[2024.07.29-11.06.55:230][  0]LogInit: Profiles: [0000024497E0EE00][00000244977A0200 49] Windows, [0000024497DA8100][00000244977A4340 49] WindowsNoEditor, [0000024497D90500][00000244977A8480 49] WindowsServer, [0000024497DA8700][00000244977AC5C0 49] WindowsClient, [0000024497D93D00][00000244977B0700 49] IOS, [0000024497DABD00][00000244977B8880 49] iPadAir, [0000024497D90400][00000244977BCA00 49] iPadAir2, [0000024497D51300][00000244977C4CC0 49] IPadPro, [0000024497D51400][00000244977C0D00 49] iPadAir3, [0000024497D93E00][00000244977C8E80 49] iPadAir4, [0000024497D50600][00000244977CD000 49] iPadMini2, [0000024497D90100][00000244977D1180 49] iPadMini3, [0000024497D51700][00000244977D5300 49] iPadMini4, [0000024497D93B00][00000244977D9480 49] iPadMini5, [0000024497DA9400][00000244977E1740 49] iPhone6, [0000024497DA9500][00000244977DD780 49] iPodTouch6, [0000024497D53C00][00000244977E9A40 49] iPhone7, [0000024497D53B00][00000244977E5A80 49] iPodTouch7, [0000024497DA8900][00000244977EDC00 49] iPhone5S, [0000024497D50B00][00000244977F0200 49] iPhone6Plus, [0000024497DA9900][00000244977F4380 49] iPhone6S, [0000024497D53900][00000244977F8500 49] iPhone6SPlus, [0000024497DA8C00][00000244977B4640 49] iPhone7Plus, [0000024497D50E00][00000244977FC780 49] iPhoneSE, [0000024497DA9B00][00000244978008C0 49] iPhone8, [0000024497D53700][0000024497808A40 49] iPhone8Plus, [0000024497DA8300][000002449780CBC0 49] iPhoneX, [0000024497D50200][0000024497810D40 49] iPhoneXS, [0000024497DA9F00][0000024497814EC0 49] iPhoneXSMax, [0000024497D53200][0000024497819040 49] iPhoneXR, [0000024497DABA00][000002449781D1C0 49] iPhone11, [0000024497D51A00][0000024497821340 49] iPhone11Pro, [0000024497DAA300][00000244978254C0 49] iPhone11ProMax, [0000024497D52E00][0000024497829640 49] iPhoneSE2, [0000024497DABC00][000002449782D7C0 49] iPhone12Mini, [0000024497D51B00][0000024497831940 49] iPhone12, [0000024497DAA700][0000024497835AC0 49] iPhone12Pro, [0000024497D50400][00000244978380C0 49] iPhone12ProMax, [0000024497DA9C00][000002449783C240 49] iPadPro105, [0000024497D52000][00000244978403C0 49] iPadPro129, [0000024497DA9000][0000024497844540 49] iPadPro97, [0000024497D51000][00000244978486C0 49] iPadPro2_129, [0000024497DAAE00][0000024497804800 49] iPad5, [0000024497D53D00][000002449784C940 49] iPad6, [0000024497DA9200][0000024498970A80 49] iPad7, [0000024497D50800][0000024498974BC0 49] iPad8, [0000024497DAAC00][000002449897CD40 49] iPadPro11, [0000024497D52300][0000024498980EC0 49] iPadPro2_11, [0000024497DAAA00][0000024498985040 49] iPadPro3_129, [0000024497D52700][00000244989891C0 49] iPadPro4_129, [0000024497DAB000][000002449898D340 49] AppleTV, [0000024497D52600][00000244989914C0 49] AppleTV4K, [0000024497DA9700][0000024498995640 49] TVOS, [0000024497D53500][00000244989997C0 49] Mac, [0000024497DAA800][000002449899D940 49] MacClient, [0000024497D52F00][00000244989A1AC0 49] MacNoEditor, [0000024497DA8E00][00000244989A40C0 49] MacServer, [0000024497D51100][00000244989A8240 49] Linux, [0000024497DA9800][00000244989AC3C0 49] LinuxAArch64, [0000024497D53A00][00000244989B0540 49] LinuxNoEditor, [0000024497DA8800][00000244989B46C0 49] LinuxAArch64NoEditor, [0000024497D53E00][00000244989B8840 49] LinuxClient, [0000024497DAAD00][0000024498978980 49] LinuxAArch64Client, [0000024497D51D00][00000244989BCAC0 49] LinuxServer, [0000024497DAA000][00000244989C0C00 49] LinuxAArch64Server, [0000024497D52A00][00000244989C4D40 49] Android, [0000024497DAB300][00000244989CCEC0 49] Android_Low, [0000024497D52500][00000244989D1040 49] Android_Mid, [0000024497DAB900][00000244989D51C0 49] Android_High, [0000024497D53000][00000244989D9340 49] Android_Default, [0000024497DA8D00][00000244989DD4C0 49] Android_Adreno4xx, [0000024497D90600][00000244989E1640 49] Android_Adreno5xx_Low, [0000024497E0E500][00000244989E57C0 49] Android_Adreno5xx, [0000024497D92600][00000244989E9940 49] Android_Adreno6xx, [0000024497E0D400][00000244989EDAC0 49] Android_Adreno6xx_Vulkan, [0000024497D93600][00000244989F00C0 49] Android_Mali_T6xx, [0000024497E0C100][00000244989F4240 49] Android_Mali_T7xx, [0000024497D92C00][00000244989F83C0 49] Android_Mali_T8xx, [0000024497E0E600][00000244989FC540 49] Android_Mali_G71, [0000024497D91A00][0000024498A006C0 49] Android_Mali_G72, [0000024497E0CA00][0000024498A04840 49] Android_Mali_G72_Vulkan, [0000024497D92B00][0000024498A089C0 49] Android_Mali_G76, [0000024497E0DD00][0000024498A0CB40 49] Android_Mali_G76_Vulkan, [0000024497D90A00][00000244989C8C80 49] Android_Mali_G77, [0000024497E0CD00][0000024498A10DC0 49] Android_Mali_G77_Vulkan, [0000024497D90200][0000024498A14F00 49] Android_Mali_G78, [0000024497E0DE00][0000024498A1D080 49] Android_Mali_G78_Vulkan, [0000024497D91000][0000024498A21200 49] Android_Mali_G710, [0000024497E0E900][0000024498A25380 49] Android_Mali_G710_Vulkan, [0000024497D91D00][0000024498A29500 49] Android_Vulkan_SM5, [0000024497E0C300][0000024498A2D680 49] Android_PowerVR_G6xxx, [0000024497D91B00][0000024498A31800 49] Android_PowerVR_GT7xxx, [0000024497E0D900][0000024498A35980 49] Android_PowerVR_GE8xxx, [0000024497D90C00][0000024498A39B00 49] Android_PowerVR_GM9xxx, [0000024497E0DB00][0000024498A3C100 49] Android_PowerVR_GM9xxx_Vulkan, [0000024497DABF00][0000024498A40280 49] Android_TegraK1, [0000024497E0EA00][0000024498A44400 49] Android_Unknown_Vulkan, [0000024497DAAB00][0000024498A48580 49] Lumin, [0000024497E0D200][0000024498A4C700 49] Lumin_Desktop, [0000024497DAA200][0000024498A50880 49] HoloLens, 
[2024.07.29-11.06.55:966][  0]LogMeshReduction: Using QuadricMeshReduction for automatic static mesh reduction
[2024.07.29-11.06.55:966][  0]LogMeshReduction: Using SimplygonMeshReduction for automatic skeletal mesh reduction
[2024.07.29-11.06.55:966][  0]LogMeshReduction: Using ProxyLODMeshReduction for automatic mesh merging
[2024.07.29-11.06.55:966][  0]LogMeshReduction: No distributed automatic mesh merging module available
[2024.07.29-11.06.55:967][  0]LogMeshMerging: No distributed automatic mesh merging module available
[2024.07.29-11.06.56:042][  0]LogNetVersion: GameJam 1.0.0, NetCL: 17155196, EngineNetVer: 17, GameNetVer: 0 (Checksum: 483881507)
[2024.07.29-11.06.58:398][  0]LogTexture: Default maximum texture size for cubemaps generated from long-lat sources has been changed from 512 to unlimited. In order to preserve old behaiour for '/Engine/MapTemplates/Sky/DaylightAmbientCubemap.DaylightAmbientCubemap', its maximum texture size has been explicitly set to 512.
[2024.07.29-11.06.58:466][  0]LogHMD: PokeAHoleMaterial loaded successfully
[2024.07.29-11.06.58:473][  0]LogUObjectArray: 17178 objects as part of root set at end of initial load.
[2024.07.29-11.06.58:473][  0]LogUObjectAllocator: 4302048 out of 0 bytes used by permanent object pool.
[2024.07.29-11.06.58:473][  0]LogUObjectArray: CloseDisregardForGC: 0/0 objects in disregard for GC pool
[2024.07.29-11.06.59:592][  0]LogNiagaraDebuggerClient: Niagara Debugger Client Initialized | Session: 1BCB2133468ED570942D44850F34F720 | Instance: 5D84E46E487ED1BD0131738A746CF997 (LAPTOP-CH206H1P-12644).
[2024.07.29-11.07.00:725][  0]LogTcpMessaging: Initializing TcpMessaging bridge
[2024.07.29-11.07.00:754][  0]LogUdpMessaging: Initializing bridge on interface 0.0.0.0:0 to multicast group 230.0.0.1:6666.
[2024.07.29-11.07.00:845][  0]LogPython: Using Python 3.7.7
[2024.07.29-11.07.02:406][  0]SourceControl: Source control is disabled
[2024.07.29-11.07.02:406][  0]SourceControl: Source control is disabled
[2024.07.29-11.07.02:432][  0]SourceControl: Source control is disabled
[2024.07.29-11.07.02:472][  0]SourceControl: Source control is disabled
[2024.07.29-11.07.02:550][  0]SourceControl: Source control is disabled
[2024.07.29-11.07.02:598][  0]LogUProjectInfo: Found projects:
[2024.07.29-11.07.03:860][  0]LogOpenImageDenoise: OIDN starting up
[2024.07.29-11.07.04:004][  0]LogAndroidPermission: UAndroidPermissionCallbackProxy::GetInstance
[2024.07.29-11.07.04:178][  0]LogAudioCaptureCore: Display: No Audio Capture implementations found. Audio input will be silent.
[2024.07.29-11.07.04:178][  0]LogAudioCaptureCore: Display: No Audio Capture implementations found. Audio input will be silent.
[2024.07.29-11.07.04:581][  0]LogCollectionManager: Loaded 0 collections in 0.001101 seconds
[2024.07.29-11.07.04:676][  0]LogFileCache: Scanning file cache for directory 'E:/GameJam/GameJam/Saved/Collections/' took 0.00s
[2024.07.29-11.07.04:676][  0]LogFileCache: Scanning file cache for directory 'E:/GameJam/GameJam/Content/Developers/shiba/Collections/' took 0.00s
[2024.07.29-11.07.04:676][  0]LogFileCache: Scanning file cache for directory 'E:/GameJam/GameJam/Content/Collections/' took 0.00s
[2024.07.29-11.07.04:676][  0]LogOcInput: OculusInput pre-init called
[2024.07.29-11.07.05:036][  0]LogEngine: Initializing Engine...
[2024.07.29-11.07.05:086][  0]LogHMD: Failed to enumerate extensions. Please check that you have a valid OpenXR runtime installed.
[2024.07.29-11.07.05:086][  0]LogHMD: Failed to initialize OpenVR with code 110
[2024.07.29-11.07.05:086][  0]LogMagicLeap: Warning: VR disabled because ZI is not enabled.  To enable, in the editor, Edit -> Project Settings -> Plugins -> Magic Leap Plugin -> Enable Zero Iteration
[2024.07.29-11.07.05:089][  0]LogStats: UGameplayTagsManager::InitializeManager -  0.001 s
[2024.07.29-11.07.05:183][  0]LogInit: Initializing FReadOnlyCVARCache
[2024.07.29-11.07.05:230][  0]LogAIModule: Creating AISystem for world Untitled
[2024.07.29-11.07.05:234][  0]LogAudio: Display: Initializing Audio Device Manager...
[2024.07.29-11.07.05:258][  0]LogAudio: Display: Loading Default Audio Settings Objects...
[2024.07.29-11.07.05:258][  0]LogAudio: Display: No default SoundConcurrencyObject specified (or failed to load).
[2024.07.29-11.07.05:260][  0]LogAudio: Display: Audio Device Manager Initialized
[2024.07.29-11.07.05:260][  0]LogAudio: Display: Creating Audio Device:                 Id: 1, Scope: Shared, Realtime: True
[2024.07.29-11.07.05:260][  0]LogAudioMixer: Display: Audio Mixer Platform Settings:
[2024.07.29-11.07.05:260][  0]LogAudioMixer: Display: 	Sample Rate:						  48000
[2024.07.29-11.07.05:260][  0]LogAudioMixer: Display: 	Callback Buffer Frame Size Requested: 1024
[2024.07.29-11.07.05:260][  0]LogAudioMixer: Display: 	Callback Buffer Frame Size To Use:	  1024
[2024.07.29-11.07.05:260][  0]LogAudioMixer: Display: 	Number of buffers to queue:			  2
[2024.07.29-11.07.05:260][  0]LogAudioMixer: Display: 	Max Channels (voices):				  32
[2024.07.29-11.07.05:260][  0]LogAudioMixer: Display: 	Number of Async Source Workers:		  0
[2024.07.29-11.07.05:260][  0]LogAudio: Display: AudioDevice MaxSources: 32
[2024.07.29-11.07.05:261][  0]LogAudio: Display: Audio Spatialization Plugin: None (built-in).
[2024.07.29-11.07.05:261][  0]LogAudio: Display: Audio Reverb Plugin: None (built-in).
[2024.07.29-11.07.05:261][  0]LogAudio: Display: Audio Occlusion Plugin: None (built-in).
[2024.07.29-11.07.05:261][  0]LogAudioMixer: Display: Initializing audio mixer.
[2024.07.29-11.07.05:308][  0]LogAudioMixer: Display: 0: FrontLeft
[2024.07.29-11.07.05:308][  0]LogAudioMixer: Display: 1: FrontRight
[2024.07.29-11.07.05:613][  0]LogAudioMixer: Display: Using Audio Device Speakers (Realtek(R) Audio)
[2024.07.29-11.07.05:616][  0]LogAudioMixer: Display: Initializing Sound Submixes...
[2024.07.29-11.07.05:618][  0]LogAudioMixer: Display: Creating Master Submix 'MasterSubmixDefault'
[2024.07.29-11.07.05:618][  0]LogAudioMixer: Display: Creating Master Submix 'MasterReverbSubmixDefault'
[2024.07.29-11.07.05:619][  0]LogAudioMixer: Display: Creating Master Submix 'MasterEQSubmixDefault'
[2024.07.29-11.07.05:620][  0]LogAudioMixer: FMixerPlatformXAudio2::StartAudioStream() called
[2024.07.29-11.07.05:620][  0]LogAudioMixer: Display: Output buffers initialized: Frames=1024, Channels=2, Samples=2048
[2024.07.29-11.07.05:621][  0]LogAudioMixer: Display: Starting AudioMixerPlatformInterface::RunInternal()
[2024.07.29-11.07.05:621][  0]LogAudioMixer: Display: FMixerPlatformXAudio2::SubmitBuffer() called for the first time
[2024.07.29-11.07.05:621][  0]LogInit: FAudioDevice initialized.
[2024.07.29-11.07.05:621][  0]LogAudio: Display: Audio Device (ID: 1) registered with world 'Untitled'.
[2024.07.29-11.07.05:621][  0]LogNetVersion: Set ProjectVersion to 1.0.0.0. Version Checksum will be recalculated on next use.
[2024.07.29-11.07.05:664][  0]LogDerivedDataCache: Saved boot cache 0.04s 94MB C:/Users/shiba/AppData/Local/UnrealEngine/4.27/DerivedDataCache/Boot.ddc.
[2024.07.29-11.07.05:664][  0]LogInit: Texture streaming: Enabled
[2024.07.29-11.07.05:739][  0]LogAnalytics: Display: [UEEditor.Rocket.Release] APIServer = https://datarouter.ol.epicgames.com/. AppVersion = 4.27.2-18319896+++UE4+Release-4.27
[2024.07.29-11.07.05:760][  0]LogEngineSessionManager: EngineSessionManager initialized
[2024.07.29-11.07.05:760][  0]LogEditorSessionSummary: Verbose: Initializing EditorSessionSummaryWriter for editor session tracking
[2024.07.29-11.07.05:762][  0]LogEditorSessionSummary: EditorSessionSummaryWriter initialized
[2024.07.29-11.07.05:883][  0]LogInit: Transaction tracking system initialized
[2024.07.29-11.07.06:047][  0]BlueprintLog: New page: Editor Load
[2024.07.29-11.07.06:470][  0]LocalizationService: Localization service is disabled
[2024.07.29-11.07.06:668][  0]TimingProfiler: Initialize
[2024.07.29-11.07.06:669][  0]TimingProfiler: OnSessionChanged
[2024.07.29-11.07.06:669][  0]LoadingProfiler: Initialize
[2024.07.29-11.07.06:670][  0]LoadingProfiler: OnSessionChanged
[2024.07.29-11.07.06:670][  0]NetworkingProfiler: Initialize
[2024.07.29-11.07.06:670][  0]NetworkingProfiler: OnSessionChanged
[2024.07.29-11.07.06:670][  0]MemoryProfiler: Initialize
[2024.07.29-11.07.06:670][  0]MemoryProfiler: OnSessionChanged
[2024.07.29-11.07.07:080][  0]LogCook: Display: CookSettings for Memory: MemoryMaxUsedVirtual 0MiB, MemoryMaxUsedPhysical 16384MiB, MemoryMinFreeVirtual 0MiB, MemoryMinFreePhysical 1024MiB
[2024.07.29-11.07.07:080][  0]LogCook: Display: Mobile HDR setting 1
[2024.07.29-11.07.07:113][  0]LogFileCache: Scanning file cache for directory 'E:/GameJam/GameJam/Content/' took 0.01s
[2024.07.29-11.07.08:407][  0]LogInit: Display: Engine is initialized. Leaving FEngineLoop::Init()
[2024.07.29-11.07.08:412][  0]SourceControl: Source control is disabled
[2024.07.29-11.07.08:654][  0]LogSlate: Took 0.005990 seconds to synchronously load lazily loaded font '../../../Engine/Content/Slate/Fonts/Roboto-Regular.ttf' (155K)
[2024.07.29-11.07.12:707][  0]LogSlate: Window 'Restore Packages' being destroyed
[2024.07.29-11.07.14:252][  0]LogSlate: Window 'Unable to Check Out From Source Control!' being destroyed
[2024.07.29-11.07.14:258][  0]Message dialog closed, result: Ok, title: Unable to Check Out From Source Control!, text: The following assets could not be successfully checked out from source control:
/Game/ThirdPersonBP/Blueprints/RunCharacter
/Game/ThirdPersonBP/Blueprints/BP_Blocker
[2024.07.29-11.07.14:266][  0]LogUnrealEdMisc: Loading editor; pre map load, took 33.190
[2024.07.29-11.07.14:267][  0]Cmd: MAP LOAD FILE="E:/GameJam/GameJam/Content/ThirdPersonBP/Maps/ThirdPersonExampleMap.umap" TEMPLATE=0 SHOWPROGRESS=1 FEATURELEVEL=3
[2024.07.29-11.07.14:269][  0]LightingResults: New page: Lighting Build
[2024.07.29-11.07.14:273][  0]LogWorld: UWorld::CleanupWorld for Untitled, bSessionEnded=true, bCleanupResources=true
[2024.07.29-11.07.14:274][  0]LogSlate: InvalidateAllWidgets triggered.  All widgets were invalidated
[2024.07.29-11.07.14:274][  0]MapCheck: New page: Map Check
[2024.07.29-11.07.14:274][  0]LightingResults: New page: Lighting Build
[2024.07.29-11.07.14:280][  0]LogAudio: Display: Audio Device unregistered from world 'None'.
[2024.07.29-11.07.14:288][  0]LogUObjectHash: Compacting FUObjectHashTables data took   1.16ms
[2024.07.29-11.07.14:551][  0]LogAudio: Display: Audio Device (ID: 1) registered with world 'ThirdPersonExampleMap'.
[2024.07.29-11.07.14:554][  0]LogAIModule: Creating AISystem for world ThirdPersonExampleMap
[2024.07.29-11.07.14:570][  0]LogEditorServer: Finished looking for orphan Actors (0.000 secs)
[2024.07.29-11.07.14:577][  0]LogUObjectHash: Compacting FUObjectHashTables data took   0.79ms
[2024.07.29-11.07.14:578][  0]Cmd: MAP CHECKDEP NOCLEARLOG
[2024.07.29-11.07.14:578][  0]MapCheck: Map check complete: 0 Error(s), 0 Warning(s), took 0.23ms to complete.
[2024.07.29-11.07.14:578][  0]LogFileHelpers: Loading map 'ThirdPersonExampleMap' took 0.311
[2024.07.29-11.07.14:600][  0]LogUnrealEdMisc: Total Editor Startup Time, took 33.522
[2024.07.29-11.07.14:674][  0]LogSlate: Updating window title bar state: overlay mode, drag disabled, window buttons hidden, title bar hidden
[2024.07.29-11.07.14:679][  0]LogSlate: Updating window title bar state: overlay mode, drag disabled, window buttons hidden, title bar hidden
[2024.07.29-11.07.14:685][  0]LogSlate: Updating window title bar state: overlay mode, drag disabled, window buttons hidden, title bar hidden
[2024.07.29-11.07.14:691][  0]LogSlate: Updating window title bar state: overlay mode, drag disabled, window buttons hidden, title bar hidden
[2024.07.29-11.07.14:720][  0]LogNativeClassHierarchy: Verbose: Native class hierarchy populated in 0.0090 seconds. Added 3822 classes and 928 folders.
[2024.07.29-11.07.14:724][  0]LogNativeClassHierarchy: Verbose: Native class hierarchy updated for 'WidgetCarousel' in 0.0003 seconds. Added 0 classes and 0 folders.
[2024.07.29-11.07.14:740][  0]LogPakFile: PakFile PrimaryIndexSize=187
[2024.07.29-11.07.14:740][  0]LogPakFile: PakFile PathHashIndexSize=101
[2024.07.29-11.07.14:740][  0]LogPakFile: PakFile FullDirectoryIndexSize=148
[2024.07.29-11.07.14:740][  0]LogShaderLibrary: Display: ShaderCodeLibraryPakFileMountedCallback: PakFile 'D:/UE_4.27/FeaturePacks/FP_FirstPerson.upack' (chunk index -1, root 'root:/') mounted
[2024.07.29-11.07.14:740][  0]LogShaderLibrary: Display: ShaderCodeLibraryPakFileMountedCallback: pending pak file info (ChunkID:-1 Root:root:/ File:D:/UE_4.27/FeaturePacks/FP_FirstPerson.upack)
[2024.07.29-11.07.14:740][  0]LogPakFile: OnPakFileMounted2Time == 0.000053
[2024.07.29-11.07.14:749][  0]LogPakFile: PakFile PrimaryIndexSize=189
[2024.07.29-11.07.14:749][  0]LogPakFile: PakFile PathHashIndexSize=101
[2024.07.29-11.07.14:749][  0]LogPakFile: PakFile FullDirectoryIndexSize=152
[2024.07.29-11.07.14:749][  0]LogShaderLibrary: Display: ShaderCodeLibraryPakFileMountedCallback: PakFile 'D:/UE_4.27/FeaturePacks/FP_FirstPersonBP.upack' (chunk index -1, root 'root:/') mounted
[2024.07.29-11.07.14:749][  0]LogShaderLibrary: Display: ShaderCodeLibraryPakFileMountedCallback: pending pak file info (ChunkID:-1 Root:root:/ File:D:/UE_4.27/FeaturePacks/FP_FirstPersonBP.upack)
[2024.07.29-11.07.14:749][  0]LogPakFile: OnPakFileMounted2Time == 0.000045
[2024.07.29-11.07.14:756][  0]LogPakFile: PakFile PrimaryIndexSize=191
[2024.07.29-11.07.14:756][  0]LogPakFile: PakFile PathHashIndexSize=101
[2024.07.29-11.07.14:756][  0]LogPakFile: PakFile FullDirectoryIndexSize=160
[2024.07.29-11.07.14:756][  0]LogShaderLibrary: Display: ShaderCodeLibraryPakFileMountedCallback: PakFile 'D:/UE_4.27/FeaturePacks/MobileStarterContent.upack' (chunk index -1, root 'root:/') mounted
[2024.07.29-11.07.14:756][  0]LogShaderLibrary: Display: ShaderCodeLibraryPakFileMountedCallback: pending pak file info (ChunkID:-1 Root:root:/ File:D:/UE_4.27/FeaturePacks/MobileStarterContent.upack)
[2024.07.29-11.07.14:756][  0]LogPakFile: OnPakFileMounted2Time == 0.000039
[2024.07.29-11.07.14:761][  0]LogPakFile: PakFile PrimaryIndexSize=185
[2024.07.29-11.07.14:761][  0]LogPakFile: PakFile PathHashIndexSize=101
[2024.07.29-11.07.14:761][  0]LogPakFile: PakFile FullDirectoryIndexSize=148
[2024.07.29-11.07.14:761][  0]LogShaderLibrary: Display: ShaderCodeLibraryPakFileMountedCallback: PakFile 'D:/UE_4.27/FeaturePacks/StarterContent.upack' (chunk index -1, root 'root:/') mounted
[2024.07.29-11.07.14:761][  0]LogShaderLibrary: Display: ShaderCodeLibraryPakFileMountedCallback: pending pak file info (ChunkID:-1 Root:root:/ File:D:/UE_4.27/FeaturePacks/StarterContent.upack)
[2024.07.29-11.07.14:761][  0]LogPakFile: OnPakFileMounted2Time == 0.000035
[2024.07.29-11.07.14:768][  0]LogPakFile: PakFile PrimaryIndexSize=190
[2024.07.29-11.07.14:768][  0]LogPakFile: PakFile PathHashIndexSize=101
[2024.07.29-11.07.14:768][  0]LogPakFile: PakFile FullDirectoryIndexSize=154
[2024.07.29-11.07.14:768][  0]LogShaderLibrary: Display: ShaderCodeLibraryPakFileMountedCallback: PakFile 'D:/UE_4.27/FeaturePacks/TP_2DSideScroller.upack' (chunk index -1, root 'root:/') mounted
[2024.07.29-11.07.14:768][  0]LogShaderLibrary: Display: ShaderCodeLibraryPakFileMountedCallback: pending pak file info (ChunkID:-1 Root:root:/ File:D:/UE_4.27/FeaturePacks/TP_2DSideScroller.upack)
[2024.07.29-11.07.14:768][  0]LogPakFile: OnPakFileMounted2Time == 0.000041
[2024.07.29-11.07.14:773][  0]LogPakFile: PakFile PrimaryIndexSize=192
[2024.07.29-11.07.14:773][  0]LogPakFile: PakFile PathHashIndexSize=101
[2024.07.29-11.07.14:773][  0]LogPakFile: PakFile FullDirectoryIndexSize=158
[2024.07.29-11.07.14:773][  0]LogShaderLibrary: Display: ShaderCodeLibraryPakFileMountedCallback: PakFile 'D:/UE_4.27/FeaturePacks/TP_2DSideScrollerBP.upack' (chunk index -1, root 'root:/') mounted
[2024.07.29-11.07.14:773][  0]LogShaderLibrary: Display: ShaderCodeLibraryPakFileMountedCallback: pending pak file info (ChunkID:-1 Root:root:/ File:D:/UE_4.27/FeaturePacks/TP_2DSideScrollerBP.upack)
[2024.07.29-11.07.14:773][  0]LogPakFile: OnPakFileMounted2Time == 0.000039
[2024.07.29-11.07.14:778][  0]LogPakFile: PakFile PrimaryIndexSize=182
[2024.07.29-11.07.14:779][  0]LogPakFile: PakFile PathHashIndexSize=101
[2024.07.29-11.07.14:779][  0]LogPakFile: PakFile FullDirectoryIndexSize=138
[2024.07.29-11.07.14:779][  0]LogShaderLibrary: Display: ShaderCodeLibraryPakFileMountedCallback: PakFile 'D:/UE_4.27/FeaturePacks/TP_Flying.upack' (chunk index -1, root 'root:/') mounted
[2024.07.29-11.07.14:779][  0]LogShaderLibrary: Display: ShaderCodeLibraryPakFileMountedCallback: pending pak file info (ChunkID:-1 Root:root:/ File:D:/UE_4.27/FeaturePacks/TP_Flying.upack)
[2024.07.29-11.07.14:779][  0]LogPakFile: OnPakFileMounted2Time == 0.000049
[2024.07.29-11.07.14:786][  0]LogPakFile: PakFile PrimaryIndexSize=184
[2024.07.29-11.07.14:786][  0]LogPakFile: PakFile PathHashIndexSize=101
[2024.07.29-11.07.14:786][  0]LogPakFile: PakFile FullDirectoryIndexSize=142
[2024.07.29-11.07.14:786][  0]LogShaderLibrary: Display: ShaderCodeLibraryPakFileMountedCallback: PakFile 'D:/UE_4.27/FeaturePacks/TP_FlyingBP.upack' (chunk index -1, root 'root:/') mounted
[2024.07.29-11.07.14:786][  0]LogShaderLibrary: Display: ShaderCodeLibraryPakFileMountedCallback: pending pak file info (ChunkID:-1 Root:root:/ File:D:/UE_4.27/FeaturePacks/TP_FlyingBP.upack)
[2024.07.29-11.07.14:786][  0]LogPakFile: OnPakFileMounted2Time == 0.000044
[2024.07.29-11.07.14:793][  0]LogPakFile: PakFile PrimaryIndexSize=188
[2024.07.29-11.07.14:793][  0]LogPakFile: PakFile PathHashIndexSize=101
[2024.07.29-11.07.14:793][  0]LogPakFile: PakFile FullDirectoryIndexSize=150
[2024.07.29-11.07.14:793][  0]LogShaderLibrary: Display: ShaderCodeLibraryPakFileMountedCallback: PakFile 'D:/UE_4.27/FeaturePacks/TP_HandheldARBP.upack' (chunk index -1, root 'root:/') mounted
[2024.07.29-11.07.14:793][  0]LogShaderLibrary: Display: ShaderCodeLibraryPakFileMountedCallback: pending pak file info (ChunkID:-1 Root:root:/ File:D:/UE_4.27/FeaturePacks/TP_HandheldARBP.upack)
[2024.07.29-11.07.14:793][  0]LogPakFile: OnPakFileMounted2Time == 0.000033
[2024.07.29-11.07.14:800][  0]LogPakFile: PakFile PrimaryIndexSize=182
[2024.07.29-11.07.14:800][  0]LogPakFile: PakFile PathHashIndexSize=101
[2024.07.29-11.07.14:800][  0]LogPakFile: PakFile FullDirectoryIndexSize=138
[2024.07.29-11.07.14:800][  0]LogShaderLibrary: Display: ShaderCodeLibraryPakFileMountedCallback: PakFile 'D:/UE_4.27/FeaturePacks/TP_Puzzle.upack' (chunk index -1, root 'root:/') mounted
[2024.07.29-11.07.14:800][  0]LogShaderLibrary: Display: ShaderCodeLibraryPakFileMountedCallback: pending pak file info (ChunkID:-1 Root:root:/ File:D:/UE_4.27/FeaturePacks/TP_Puzzle.upack)
[2024.07.29-11.07.14:800][  0]LogPakFile: OnPakFileMounted2Time == 0.000039
[2024.07.29-11.07.14:807][  0]LogPakFile: PakFile PrimaryIndexSize=184
[2024.07.29-11.07.14:807][  0]LogPakFile: PakFile PathHashIndexSize=101
[2024.07.29-11.07.14:807][  0]LogPakFile: PakFile FullDirectoryIndexSize=142
[2024.07.29-11.07.14:807][  0]LogShaderLibrary: Display: ShaderCodeLibraryPakFileMountedCallback: PakFile 'D:/UE_4.27/FeaturePacks/TP_PuzzleBP.upack' (chunk index -1, root 'root:/') mounted
[2024.07.29-11.07.14:807][  0]LogShaderLibrary: Display: ShaderCodeLibraryPakFileMountedCallback: pending pak file info (ChunkID:-1 Root:root:/ File:D:/UE_4.27/FeaturePacks/TP_PuzzleBP.upack)
[2024.07.29-11.07.14:807][  0]LogPakFile: OnPakFileMounted2Time == 0.000039
[2024.07.29-11.07.14:813][  0]LogPakFile: PakFile PrimaryIndexSize=183
[2024.07.29-11.07.14:813][  0]LogPakFile: PakFile PathHashIndexSize=101
[2024.07.29-11.07.14:813][  0]LogPakFile: PakFile FullDirectoryIndexSize=140
[2024.07.29-11.07.14:813][  0]LogShaderLibrary: Display: ShaderCodeLibraryPakFileMountedCallback: PakFile 'D:/UE_4.27/FeaturePacks/TP_Rolling.upack' (chunk index -1, root 'root:/') mounted
[2024.07.29-11.07.14:813][  0]LogShaderLibrary: Display: ShaderCodeLibraryPakFileMountedCallback: pending pak file info (ChunkID:-1 Root:root:/ File:D:/UE_4.27/FeaturePacks/TP_Rolling.upack)
[2024.07.29-11.07.14:813][  0]LogPakFile: OnPakFileMounted2Time == 0.000040
[2024.07.29-11.07.14:819][  0]LogPakFile: PakFile PrimaryIndexSize=185
[2024.07.29-11.07.14:819][  0]LogPakFile: PakFile PathHashIndexSize=101
[2024.07.29-11.07.14:819][  0]LogPakFile: PakFile FullDirectoryIndexSize=144
[2024.07.29-11.07.14:819][  0]LogShaderLibrary: Display: ShaderCodeLibraryPakFileMountedCallback: PakFile 'D:/UE_4.27/FeaturePacks/TP_RollingBP.upack' (chunk index -1, root 'root:/') mounted
[2024.07.29-11.07.14:819][  0]LogShaderLibrary: Display: ShaderCodeLibraryPakFileMountedCallback: pending pak file info (ChunkID:-1 Root:root:/ File:D:/UE_4.27/FeaturePacks/TP_RollingBP.upack)
[2024.07.29-11.07.14:819][  0]LogPakFile: OnPakFileMounted2Time == 0.000039
[2024.07.29-11.07.14:825][  0]LogPakFile: PakFile PrimaryIndexSize=188
[2024.07.29-11.07.14:825][  0]LogPakFile: PakFile PathHashIndexSize=101
[2024.07.29-11.07.14:825][  0]LogPakFile: PakFile FullDirectoryIndexSize=150
[2024.07.29-11.07.14:825][  0]LogShaderLibrary: Display: ShaderCodeLibraryPakFileMountedCallback: PakFile 'D:/UE_4.27/FeaturePacks/TP_SideScroller.upack' (chunk index -1, root 'root:/') mounted
[2024.07.29-11.07.14:825][  0]LogShaderLibrary: Display: ShaderCodeLibraryPakFileMountedCallback: pending pak file info (ChunkID:-1 Root:root:/ File:D:/UE_4.27/FeaturePacks/TP_SideScroller.upack)
[2024.07.29-11.07.14:825][  0]LogPakFile: OnPakFileMounted2Time == 0.000044
[2024.07.29-11.07.14:830][  0]LogPakFile: PakFile PrimaryIndexSize=190
[2024.07.29-11.07.14:830][  0]LogPakFile: PakFile PathHashIndexSize=101
[2024.07.29-11.07.14:830][  0]LogPakFile: PakFile FullDirectoryIndexSize=154
[2024.07.29-11.07.14:830][  0]LogShaderLibrary: Display: ShaderCodeLibraryPakFileMountedCallback: PakFile 'D:/UE_4.27/FeaturePacks/TP_SideScrollerBP.upack' (chunk index -1, root 'root:/') mounted
[2024.07.29-11.07.14:830][  0]LogShaderLibrary: Display: ShaderCodeLibraryPakFileMountedCallback: pending pak file info (ChunkID:-1 Root:root:/ File:D:/UE_4.27/FeaturePacks/TP_SideScrollerBP.upack)
[2024.07.29-11.07.14:830][  0]LogPakFile: OnPakFileMounted2Time == 0.000038
[2024.07.29-11.07.14:836][  0]LogPakFile: PakFile PrimaryIndexSize=187
[2024.07.29-11.07.14:836][  0]LogPakFile: PakFile PathHashIndexSize=101
[2024.07.29-11.07.14:836][  0]LogPakFile: PakFile FullDirectoryIndexSize=148
[2024.07.29-11.07.14:836][  0]LogShaderLibrary: Display: ShaderCodeLibraryPakFileMountedCallback: PakFile 'D:/UE_4.27/FeaturePacks/TP_ThirdPerson.upack' (chunk index -1, root 'root:/') mounted
[2024.07.29-11.07.14:836][  0]LogShaderLibrary: Display: ShaderCodeLibraryPakFileMountedCallback: pending pak file info (ChunkID:-1 Root:root:/ File:D:/UE_4.27/FeaturePacks/TP_ThirdPerson.upack)
[2024.07.29-11.07.14:836][  0]LogPakFile: OnPakFileMounted2Time == 0.000039
[2024.07.29-11.07.14:841][  0]LogPakFile: PakFile PrimaryIndexSize=189
[2024.07.29-11.07.14:842][  0]LogPakFile: PakFile PathHashIndexSize=101
[2024.07.29-11.07.14:842][  0]LogPakFile: PakFile FullDirectoryIndexSize=152
[2024.07.29-11.07.14:842][  0]LogShaderLibrary: Display: ShaderCodeLibraryPakFileMountedCallback: PakFile 'D:/UE_4.27/FeaturePacks/TP_ThirdPersonBP.upack' (chunk index -1, root 'root:/') mounted
[2024.07.29-11.07.14:842][  0]LogShaderLibrary: Display: ShaderCodeLibraryPakFileMountedCallback: pending pak file info (ChunkID:-1 Root:root:/ File:D:/UE_4.27/FeaturePacks/TP_ThirdPersonBP.upack)
[2024.07.29-11.07.14:842][  0]LogPakFile: OnPakFileMounted2Time == 0.000031
[2024.07.29-11.07.14:848][  0]LogPakFile: PakFile PrimaryIndexSize=183
[2024.07.29-11.07.14:848][  0]LogPakFile: PakFile PathHashIndexSize=101
[2024.07.29-11.07.14:848][  0]LogPakFile: PakFile FullDirectoryIndexSize=140
[2024.07.29-11.07.14:848][  0]LogShaderLibrary: Display: ShaderCodeLibraryPakFileMountedCallback: PakFile 'D:/UE_4.27/FeaturePacks/TP_TopDown.upack' (chunk index -1, root 'root:/') mounted
[2024.07.29-11.07.14:848][  0]LogShaderLibrary: Display: ShaderCodeLibraryPakFileMountedCallback: pending pak file info (ChunkID:-1 Root:root:/ File:D:/UE_4.27/FeaturePacks/TP_TopDown.upack)
[2024.07.29-11.07.14:848][  0]LogPakFile: OnPakFileMounted2Time == 0.000047
[2024.07.29-11.07.14:853][  0]LogPakFile: PakFile PrimaryIndexSize=185
[2024.07.29-11.07.14:853][  0]LogPakFile: PakFile PathHashIndexSize=101
[2024.07.29-11.07.14:853][  0]LogPakFile: PakFile FullDirectoryIndexSize=144
[2024.07.29-11.07.14:854][  0]LogShaderLibrary: Display: ShaderCodeLibraryPakFileMountedCallback: PakFile 'D:/UE_4.27/FeaturePacks/TP_TopDownBP.upack' (chunk index -1, root 'root:/') mounted
[2024.07.29-11.07.14:854][  0]LogShaderLibrary: Display: ShaderCodeLibraryPakFileMountedCallback: pending pak file info (ChunkID:-1 Root:root:/ File:D:/UE_4.27/FeaturePacks/TP_TopDownBP.upack)
[2024.07.29-11.07.14:854][  0]LogPakFile: OnPakFileMounted2Time == 0.000053
[2024.07.29-11.07.14:862][  0]LogPakFile: PakFile PrimaryIndexSize=185
[2024.07.29-11.07.14:862][  0]LogPakFile: PakFile PathHashIndexSize=101
[2024.07.29-11.07.14:862][  0]LogPakFile: PakFile FullDirectoryIndexSize=144
[2024.07.29-11.07.14:862][  0]LogShaderLibrary: Display: ShaderCodeLibraryPakFileMountedCallback: PakFile 'D:/UE_4.27/FeaturePacks/TP_TwinStick.upack' (chunk index -1, root 'root:/') mounted
[2024.07.29-11.07.14:862][  0]LogShaderLibrary: Display: ShaderCodeLibraryPakFileMountedCallback: pending pak file info (ChunkID:-1 Root:root:/ File:D:/UE_4.27/FeaturePacks/TP_TwinStick.upack)
[2024.07.29-11.07.14:862][  0]LogPakFile: OnPakFileMounted2Time == 0.000047
[2024.07.29-11.07.14:868][  0]LogPakFile: PakFile PrimaryIndexSize=187
[2024.07.29-11.07.14:868][  0]LogPakFile: PakFile PathHashIndexSize=101
[2024.07.29-11.07.14:868][  0]LogPakFile: PakFile FullDirectoryIndexSize=148
[2024.07.29-11.07.14:868][  0]LogShaderLibrary: Display: ShaderCodeLibraryPakFileMountedCallback: PakFile 'D:/UE_4.27/FeaturePacks/TP_TwinStickBP.upack' (chunk index -1, root 'root:/') mounted
[2024.07.29-11.07.14:868][  0]LogShaderLibrary: Display: ShaderCodeLibraryPakFileMountedCallback: pending pak file info (ChunkID:-1 Root:root:/ File:D:/UE_4.27/FeaturePacks/TP_TwinStickBP.upack)
[2024.07.29-11.07.14:868][  0]LogPakFile: OnPakFileMounted2Time == 0.000038
[2024.07.29-11.07.14:873][  0]LogPakFile: PakFile PrimaryIndexSize=183
[2024.07.29-11.07.14:873][  0]LogPakFile: PakFile PathHashIndexSize=101
[2024.07.29-11.07.14:873][  0]LogPakFile: PakFile FullDirectoryIndexSize=140
[2024.07.29-11.07.14:873][  0]LogShaderLibrary: Display: ShaderCodeLibraryPakFileMountedCallback: PakFile 'D:/UE_4.27/FeaturePacks/TP_Vehicle.upack' (chunk index -1, root 'root:/') mounted
[2024.07.29-11.07.14:874][  0]LogShaderLibrary: Display: ShaderCodeLibraryPakFileMountedCallback: pending pak file info (ChunkID:-1 Root:root:/ File:D:/UE_4.27/FeaturePacks/TP_Vehicle.upack)
[2024.07.29-11.07.14:874][  0]LogPakFile: OnPakFileMounted2Time == 0.000038
[2024.07.29-11.07.14:880][  0]LogPakFile: PakFile PrimaryIndexSize=186
[2024.07.29-11.07.14:880][  0]LogPakFile: PakFile PathHashIndexSize=101
[2024.07.29-11.07.14:880][  0]LogPakFile: PakFile FullDirectoryIndexSize=146
[2024.07.29-11.07.14:880][  0]LogShaderLibrary: Display: ShaderCodeLibraryPakFileMountedCallback: PakFile 'D:/UE_4.27/FeaturePacks/TP_VehicleAdv.upack' (chunk index -1, root 'root:/') mounted
[2024.07.29-11.07.14:880][  0]LogShaderLibrary: Display: ShaderCodeLibraryPakFileMountedCallback: pending pak file info (ChunkID:-1 Root:root:/ File:D:/UE_4.27/FeaturePacks/TP_VehicleAdv.upack)
[2024.07.29-11.07.14:880][  0]LogPakFile: OnPakFileMounted2Time == 0.000037
[2024.07.29-11.07.14:885][  0]LogPakFile: PakFile PrimaryIndexSize=188
[2024.07.29-11.07.14:885][  0]LogPakFile: PakFile PathHashIndexSize=101
[2024.07.29-11.07.14:885][  0]LogPakFile: PakFile FullDirectoryIndexSize=150
[2024.07.29-11.07.14:885][  0]LogShaderLibrary: Display: ShaderCodeLibraryPakFileMountedCallback: PakFile 'D:/UE_4.27/FeaturePacks/TP_VehicleAdvBP.upack' (chunk index -1, root 'root:/') mounted
[2024.07.29-11.07.14:885][  0]LogShaderLibrary: Display: ShaderCodeLibraryPakFileMountedCallback: pending pak file info (ChunkID:-1 Root:root:/ File:D:/UE_4.27/FeaturePacks/TP_VehicleAdvBP.upack)
[2024.07.29-11.07.14:885][  0]LogPakFile: OnPakFileMounted2Time == 0.000037
[2024.07.29-11.07.14:890][  0]LogPakFile: PakFile PrimaryIndexSize=185
[2024.07.29-11.07.14:890][  0]LogPakFile: PakFile PathHashIndexSize=101
[2024.07.29-11.07.14:890][  0]LogPakFile: PakFile FullDirectoryIndexSize=144
[2024.07.29-11.07.14:890][  0]LogShaderLibrary: Display: ShaderCodeLibraryPakFileMountedCallback: PakFile 'D:/UE_4.27/FeaturePacks/TP_VehicleBP.upack' (chunk index -1, root 'root:/') mounted
[2024.07.29-11.07.14:890][  0]LogShaderLibrary: Display: ShaderCodeLibraryPakFileMountedCallback: pending pak file info (ChunkID:-1 Root:root:/ File:D:/UE_4.27/FeaturePacks/TP_VehicleBP.upack)
[2024.07.29-11.07.14:890][  0]LogPakFile: OnPakFileMounted2Time == 0.000032
[2024.07.29-11.07.14:896][  0]LogPakFile: PakFile PrimaryIndexSize=192
[2024.07.29-11.07.14:896][  0]LogPakFile: PakFile PathHashIndexSize=101
[2024.07.29-11.07.14:896][  0]LogPakFile: PakFile FullDirectoryIndexSize=158
[2024.07.29-11.07.14:896][  0]LogShaderLibrary: Display: ShaderCodeLibraryPakFileMountedCallback: PakFile 'D:/UE_4.27/FeaturePacks/TP_VirtualRealityBP.upack' (chunk index -1, root 'root:/') mounted
[2024.07.29-11.07.14:896][  0]LogShaderLibrary: Display: ShaderCodeLibraryPakFileMountedCallback: pending pak file info (ChunkID:-1 Root:root:/ File:D:/UE_4.27/FeaturePacks/TP_VirtualRealityBP.upack)
[2024.07.29-11.07.14:896][  0]LogPakFile: OnPakFileMounted2Time == 0.000044
[2024.07.29-11.07.15:269][  0]LogNativeClassHierarchy: Verbose: Native class hierarchy updated for 'AddContentDialog' in 0.0004 seconds. Added 0 classes and 0 folders.
[2024.07.29-11.07.15:272][  0]LogNativeClassHierarchy: Verbose: Native class hierarchy updated for 'SceneOutliner' in 0.0003 seconds. Added 2 classes and 0 folders.
[2024.07.29-11.07.15:420][  0]LogSlate: Took 0.006930 seconds to synchronously load lazily loaded font '../../../Engine/Content/Editor/Slate/Fonts/FontAwesome.ttf' (139K)
[2024.07.29-11.07.15:428][  0]LogSlate: Took 0.005780 seconds to synchronously load lazily loaded font '../../../Engine/Content/Slate/Fonts/Roboto-Bold.ttf' (160K)
[2024.07.29-11.07.15:509][  0]LogRenderer: Reallocating scene render targets to support 784x424 Format 10 NumSamples 1 (Frame:1).
[2024.07.29-11.07.15:692][  0]LogNativeClassHierarchy: Verbose: Native class hierarchy updated for 'HierarchicalLODOutliner' in 0.0004 seconds. Added 0 classes and 0 folders.
[2024.07.29-11.07.15:693][  0]LogInput: Warning: Action Jump uses invalid key OculusGo_Left_Trigger_Click.
[2024.07.29-11.07.15:693][  0]LogInput: Warning: Action ResetVR uses invalid key OculusGo_Left_Trackpad_Click.
[2024.07.29-11.07.15:693][  0]LogInput: Warning: Use -RemoveInvalidKeys to remove instances of these keys from the action mapping.
[2024.07.29-11.07.15:693][  0]LogLoad: (Engine Initialization) Total time: 34.62 seconds
[2024.07.29-11.07.15:693][  0]LogLoad: (Engine Initialization) Total Blueprint compile time: 0.00 seconds
[2024.07.29-11.07.15:780][  0]LogAssetRegistry: Asset discovery search completed in 20.9799 seconds
[2024.07.29-11.07.15:788][  0]LogCollectionManager: Fixed up redirectors for 0 collections in 0.000146 seconds (updated 0 objects)
[2024.07.29-11.07.15:795][  0]LogContentStreaming: Texture pool size now 1000 MB
[2024.07.29-11.07.16:403][  2]LogSlate: Took 0.006593 seconds to synchronously load lazily loaded font '../../../Engine/Content/Slate/Fonts/Roboto-Light.ttf' (167K)
[2024.07.29-11.07.17:055][  4]LogSlate: Took 0.000118 seconds to synchronously load lazily loaded font '../../../Engine/Content/Slate/Fonts/Roboto-Light.ttf' (167K)
